ARM GAS  C:\Users\louis\AppData\Local\Temp\cci2hSYG.s 			page 1


   1              		.syntax unified
   2              		.cpu cortex-m0plus
   3              		.fpu softvfp
   4              		.eabi_attribute 20, 1
   5              		.eabi_attribute 21, 1
   6              		.eabi_attribute 23, 3
   7              		.eabi_attribute 24, 1
   8              		.eabi_attribute 25, 1
   9              		.eabi_attribute 26, 1
  10              		.eabi_attribute 30, 1
  11              		.eabi_attribute 34, 0
  12              		.eabi_attribute 18, 4
  13              		.thumb
  14              		.syntax unified
  15              		.file	"main_cm0p.c"
  16              		.text
  17              	.Ltext0:
  18              		.cfi_sections	.debug_frame
  19              		.section	.text.main,"ax",%progbits
  20              		.align	2
  21              		.global	main
  22              		.code	16
  23              		.thumb_func
  24              		.type	main, %function
  25              	main:
  26              	.LFB467:
  27              		.file 1 "main_cm0p.c"
   1:main_cm0p.c   **** /******************************************************************************
   2:main_cm0p.c   **** * File Name: main_cm0p.c
   3:main_cm0p.c   **** *
   4:main_cm0p.c   **** * Version: 1.00
   5:main_cm0p.c   **** *
   6:main_cm0p.c   **** * Description: This is the source code for the PSoC_6_MCU_Hello_World_Example
   7:main_cm0p.c   **** *
   8:main_cm0p.c   **** * Related Document: CE221773_PSoC_6_MCU_Hello_World_Example.pdf
   9:main_cm0p.c   **** *
  10:main_cm0p.c   **** * Hardware Dependency: 
  11:main_cm0p.c   **** *                   CE221773_PSoC_6_MCU_Hello_World_Example.pdf
  12:main_cm0p.c   **** *                      
  13:main_cm0p.c   **** *******************************************************************************
  14:main_cm0p.c   **** * Copyright (2018), Cypress Semiconductor Corporation. All rights reserved.
  15:main_cm0p.c   **** *******************************************************************************
  16:main_cm0p.c   **** * This software, including source code, documentation and related materials
  17:main_cm0p.c   **** * (“Software”), is owned by Cypress Semiconductor Corporation or one of its
  18:main_cm0p.c   **** * subsidiaries (“Cypress”) and is protected by and subject to worldwide patent
  19:main_cm0p.c   **** * protection (United States and foreign), United States copyright laws and
  20:main_cm0p.c   **** * international treaty provisions. Therefore, you may use this Software only
  21:main_cm0p.c   **** * as provided in the license agreement accompanying the software package from
  22:main_cm0p.c   **** * which you obtained this Software (“EULA”).
  23:main_cm0p.c   **** *
  24:main_cm0p.c   **** * If no EULA applies, Cypress hereby grants you a personal, nonexclusive,
  25:main_cm0p.c   **** * non-transferable license to copy, modify, and compile the Software source
  26:main_cm0p.c   **** * code solely for use in connection with Cypress’s integrated circuit products.
  27:main_cm0p.c   **** * Any reproduction, modification, translation, compilation, or representation
  28:main_cm0p.c   **** * of this Software except as specified above is prohibited without the express
  29:main_cm0p.c   **** * written permission of Cypress.
  30:main_cm0p.c   **** *
ARM GAS  C:\Users\louis\AppData\Local\Temp\cci2hSYG.s 			page 2


  31:main_cm0p.c   **** * Disclaimer: THIS SOFTWARE IS PROVIDED AS-IS, WITH NO WARRANTY OF ANY KIND, 
  32:main_cm0p.c   **** * EXPRESS OR IMPLIED, INCLUDING, BUT NOT LIMITED TO, NONINFRINGEMENT, IMPLIED 
  33:main_cm0p.c   **** * WARRANTIES OF MERCHANTABILITY AND FITNESS FOR A PARTICULAR PURPOSE. Cypress 
  34:main_cm0p.c   **** * reserves the right to make changes to the Software without notice. Cypress 
  35:main_cm0p.c   **** * does not assume any liability arising out of the application or use of the 
  36:main_cm0p.c   **** * Software or any product or circuit described in the Software. Cypress does 
  37:main_cm0p.c   **** * not authorize its products for use in any products where a malfunction or 
  38:main_cm0p.c   **** * failure of the Cypress product may reasonably be expected to result in 
  39:main_cm0p.c   **** * significant property damage, injury or death (“High Risk Product”). By 
  40:main_cm0p.c   **** * including Cypress’s product in a High Risk Product, the manufacturer of such 
  41:main_cm0p.c   **** * system or application assumes all risk of such use and in doing so agrees to 
  42:main_cm0p.c   **** * indemnify Cypress against all liability.
  43:main_cm0p.c   **** *******************************************************************************/
  44:main_cm0p.c   **** 
  45:main_cm0p.c   **** /* Header files  includes*/
  46:main_cm0p.c   **** #include "project.h"
  47:main_cm0p.c   **** 
  48:main_cm0p.c   **** /*******************************************************************************
  49:main_cm0p.c   **** * Function Name: main
  50:main_cm0p.c   **** ********************************************************************************
  51:main_cm0p.c   **** * Summary:
  52:main_cm0p.c   **** * This is the main function for CM0+ CPU. At device reset it enables the CM4 CPU.
  53:main_cm0p.c   **** *
  54:main_cm0p.c   **** * Parameters:
  55:main_cm0p.c   **** *  void
  56:main_cm0p.c   **** *
  57:main_cm0p.c   **** * Return:
  58:main_cm0p.c   **** *  int
  59:main_cm0p.c   **** *
  60:main_cm0p.c   **** *******************************************************************************/
  61:main_cm0p.c   **** int main(void)
  62:main_cm0p.c   **** {
  28              		.loc 1 62 0
  29              		.cfi_startproc
  30              		@ Volatile: function does not return.
  31              		@ args = 0, pretend = 0, frame = 0
  32              		@ frame_needed = 0, uses_anonymous_args = 0
  33 0000 10B5     		push	{r4, lr}
  34              		.cfi_def_cfa_offset 8
  35              		.cfi_offset 4, -8
  36              		.cfi_offset 14, -4
  37              	.LBB4:
  38              	.LBB5:
  39              		.file 2 "Generated_Source\\PSoC6\\pdl\\cmsis/include/cmsis_gcc.h"
   1:Generated_Source\PSoC6\pdl\cmsis/include/cmsis_gcc.h **** /**************************************************************************//**
   2:Generated_Source\PSoC6\pdl\cmsis/include/cmsis_gcc.h ****  * @file     cmsis_gcc.h
   3:Generated_Source\PSoC6\pdl\cmsis/include/cmsis_gcc.h ****  * @brief    CMSIS compiler GCC header file
   4:Generated_Source\PSoC6\pdl\cmsis/include/cmsis_gcc.h ****  * @version  V5.0.3
   5:Generated_Source\PSoC6\pdl\cmsis/include/cmsis_gcc.h ****  * @date     16. January 2018
   6:Generated_Source\PSoC6\pdl\cmsis/include/cmsis_gcc.h ****  ******************************************************************************/
   7:Generated_Source\PSoC6\pdl\cmsis/include/cmsis_gcc.h **** /*
   8:Generated_Source\PSoC6\pdl\cmsis/include/cmsis_gcc.h ****  * Copyright (c) 2009-2017 ARM Limited. All rights reserved.
   9:Generated_Source\PSoC6\pdl\cmsis/include/cmsis_gcc.h ****  *
  10:Generated_Source\PSoC6\pdl\cmsis/include/cmsis_gcc.h ****  * SPDX-License-Identifier: Apache-2.0
  11:Generated_Source\PSoC6\pdl\cmsis/include/cmsis_gcc.h ****  *
  12:Generated_Source\PSoC6\pdl\cmsis/include/cmsis_gcc.h ****  * Licensed under the Apache License, Version 2.0 (the License); you may
  13:Generated_Source\PSoC6\pdl\cmsis/include/cmsis_gcc.h ****  * not use this file except in compliance with the License.
ARM GAS  C:\Users\louis\AppData\Local\Temp\cci2hSYG.s 			page 3


  14:Generated_Source\PSoC6\pdl\cmsis/include/cmsis_gcc.h ****  * You may obtain a copy of the License at
  15:Generated_Source\PSoC6\pdl\cmsis/include/cmsis_gcc.h ****  *
  16:Generated_Source\PSoC6\pdl\cmsis/include/cmsis_gcc.h ****  * www.apache.org/licenses/LICENSE-2.0
  17:Generated_Source\PSoC6\pdl\cmsis/include/cmsis_gcc.h ****  *
  18:Generated_Source\PSoC6\pdl\cmsis/include/cmsis_gcc.h ****  * Unless required by applicable law or agreed to in writing, software
  19:Generated_Source\PSoC6\pdl\cmsis/include/cmsis_gcc.h ****  * distributed under the License is distributed on an AS IS BASIS, WITHOUT
  20:Generated_Source\PSoC6\pdl\cmsis/include/cmsis_gcc.h ****  * WARRANTIES OR CONDITIONS OF ANY KIND, either express or implied.
  21:Generated_Source\PSoC6\pdl\cmsis/include/cmsis_gcc.h ****  * See the License for the specific language governing permissions and
  22:Generated_Source\PSoC6\pdl\cmsis/include/cmsis_gcc.h ****  * limitations under the License.
  23:Generated_Source\PSoC6\pdl\cmsis/include/cmsis_gcc.h ****  */
  24:Generated_Source\PSoC6\pdl\cmsis/include/cmsis_gcc.h **** 
  25:Generated_Source\PSoC6\pdl\cmsis/include/cmsis_gcc.h **** #ifndef __CMSIS_GCC_H
  26:Generated_Source\PSoC6\pdl\cmsis/include/cmsis_gcc.h **** #define __CMSIS_GCC_H
  27:Generated_Source\PSoC6\pdl\cmsis/include/cmsis_gcc.h **** 
  28:Generated_Source\PSoC6\pdl\cmsis/include/cmsis_gcc.h **** /* ignore some GCC warnings */
  29:Generated_Source\PSoC6\pdl\cmsis/include/cmsis_gcc.h **** #pragma GCC diagnostic push
  30:Generated_Source\PSoC6\pdl\cmsis/include/cmsis_gcc.h **** #pragma GCC diagnostic ignored "-Wsign-conversion"
  31:Generated_Source\PSoC6\pdl\cmsis/include/cmsis_gcc.h **** #pragma GCC diagnostic ignored "-Wconversion"
  32:Generated_Source\PSoC6\pdl\cmsis/include/cmsis_gcc.h **** #pragma GCC diagnostic ignored "-Wunused-parameter"
  33:Generated_Source\PSoC6\pdl\cmsis/include/cmsis_gcc.h **** 
  34:Generated_Source\PSoC6\pdl\cmsis/include/cmsis_gcc.h **** /* Fallback for __has_builtin */
  35:Generated_Source\PSoC6\pdl\cmsis/include/cmsis_gcc.h **** #ifndef __has_builtin
  36:Generated_Source\PSoC6\pdl\cmsis/include/cmsis_gcc.h ****   #define __has_builtin(x) (0)
  37:Generated_Source\PSoC6\pdl\cmsis/include/cmsis_gcc.h **** #endif
  38:Generated_Source\PSoC6\pdl\cmsis/include/cmsis_gcc.h **** 
  39:Generated_Source\PSoC6\pdl\cmsis/include/cmsis_gcc.h **** /* CMSIS compiler specific defines */
  40:Generated_Source\PSoC6\pdl\cmsis/include/cmsis_gcc.h **** #ifndef   __ASM
  41:Generated_Source\PSoC6\pdl\cmsis/include/cmsis_gcc.h ****   #define __ASM                                  __asm
  42:Generated_Source\PSoC6\pdl\cmsis/include/cmsis_gcc.h **** #endif
  43:Generated_Source\PSoC6\pdl\cmsis/include/cmsis_gcc.h **** #ifndef   __INLINE
  44:Generated_Source\PSoC6\pdl\cmsis/include/cmsis_gcc.h ****   #define __INLINE                               inline
  45:Generated_Source\PSoC6\pdl\cmsis/include/cmsis_gcc.h **** #endif
  46:Generated_Source\PSoC6\pdl\cmsis/include/cmsis_gcc.h **** #ifndef   __STATIC_INLINE
  47:Generated_Source\PSoC6\pdl\cmsis/include/cmsis_gcc.h ****   #define __STATIC_INLINE                        static inline
  48:Generated_Source\PSoC6\pdl\cmsis/include/cmsis_gcc.h **** #endif
  49:Generated_Source\PSoC6\pdl\cmsis/include/cmsis_gcc.h **** #ifndef   __STATIC_FORCEINLINE                 
  50:Generated_Source\PSoC6\pdl\cmsis/include/cmsis_gcc.h ****   #define __STATIC_FORCEINLINE                   __attribute__((always_inline)) static inline
  51:Generated_Source\PSoC6\pdl\cmsis/include/cmsis_gcc.h **** #endif                                           
  52:Generated_Source\PSoC6\pdl\cmsis/include/cmsis_gcc.h **** #ifndef   __NO_RETURN
  53:Generated_Source\PSoC6\pdl\cmsis/include/cmsis_gcc.h ****   #define __NO_RETURN                            __attribute__((__noreturn__))
  54:Generated_Source\PSoC6\pdl\cmsis/include/cmsis_gcc.h **** #endif
  55:Generated_Source\PSoC6\pdl\cmsis/include/cmsis_gcc.h **** #ifndef   __USED
  56:Generated_Source\PSoC6\pdl\cmsis/include/cmsis_gcc.h ****   #define __USED                                 __attribute__((used))
  57:Generated_Source\PSoC6\pdl\cmsis/include/cmsis_gcc.h **** #endif
  58:Generated_Source\PSoC6\pdl\cmsis/include/cmsis_gcc.h **** #ifndef   __WEAK
  59:Generated_Source\PSoC6\pdl\cmsis/include/cmsis_gcc.h ****   #define __WEAK                                 __attribute__((weak))
  60:Generated_Source\PSoC6\pdl\cmsis/include/cmsis_gcc.h **** #endif
  61:Generated_Source\PSoC6\pdl\cmsis/include/cmsis_gcc.h **** #ifndef   __PACKED
  62:Generated_Source\PSoC6\pdl\cmsis/include/cmsis_gcc.h ****   #define __PACKED                               __attribute__((packed, aligned(1)))
  63:Generated_Source\PSoC6\pdl\cmsis/include/cmsis_gcc.h **** #endif
  64:Generated_Source\PSoC6\pdl\cmsis/include/cmsis_gcc.h **** #ifndef   __PACKED_STRUCT
  65:Generated_Source\PSoC6\pdl\cmsis/include/cmsis_gcc.h ****   #define __PACKED_STRUCT                        struct __attribute__((packed, aligned(1)))
  66:Generated_Source\PSoC6\pdl\cmsis/include/cmsis_gcc.h **** #endif
  67:Generated_Source\PSoC6\pdl\cmsis/include/cmsis_gcc.h **** #ifndef   __PACKED_UNION
  68:Generated_Source\PSoC6\pdl\cmsis/include/cmsis_gcc.h ****   #define __PACKED_UNION                         union __attribute__((packed, aligned(1)))
  69:Generated_Source\PSoC6\pdl\cmsis/include/cmsis_gcc.h **** #endif
  70:Generated_Source\PSoC6\pdl\cmsis/include/cmsis_gcc.h **** #ifndef   __UNALIGNED_UINT32        /* deprecated */
ARM GAS  C:\Users\louis\AppData\Local\Temp\cci2hSYG.s 			page 4


  71:Generated_Source\PSoC6\pdl\cmsis/include/cmsis_gcc.h ****   #pragma GCC diagnostic push
  72:Generated_Source\PSoC6\pdl\cmsis/include/cmsis_gcc.h ****   #pragma GCC diagnostic ignored "-Wpacked"
  73:Generated_Source\PSoC6\pdl\cmsis/include/cmsis_gcc.h ****   #pragma GCC diagnostic ignored "-Wattributes"
  74:Generated_Source\PSoC6\pdl\cmsis/include/cmsis_gcc.h ****   struct __attribute__((packed)) T_UINT32 { uint32_t v; };
  75:Generated_Source\PSoC6\pdl\cmsis/include/cmsis_gcc.h ****   #pragma GCC diagnostic pop
  76:Generated_Source\PSoC6\pdl\cmsis/include/cmsis_gcc.h ****   #define __UNALIGNED_UINT32(x)                  (((struct T_UINT32 *)(x))->v)
  77:Generated_Source\PSoC6\pdl\cmsis/include/cmsis_gcc.h **** #endif
  78:Generated_Source\PSoC6\pdl\cmsis/include/cmsis_gcc.h **** #ifndef   __UNALIGNED_UINT16_WRITE
  79:Generated_Source\PSoC6\pdl\cmsis/include/cmsis_gcc.h ****   #pragma GCC diagnostic push
  80:Generated_Source\PSoC6\pdl\cmsis/include/cmsis_gcc.h ****   #pragma GCC diagnostic ignored "-Wpacked"
  81:Generated_Source\PSoC6\pdl\cmsis/include/cmsis_gcc.h ****   #pragma GCC diagnostic ignored "-Wattributes"
  82:Generated_Source\PSoC6\pdl\cmsis/include/cmsis_gcc.h ****   __PACKED_STRUCT T_UINT16_WRITE { uint16_t v; };
  83:Generated_Source\PSoC6\pdl\cmsis/include/cmsis_gcc.h ****   #pragma GCC diagnostic pop
  84:Generated_Source\PSoC6\pdl\cmsis/include/cmsis_gcc.h ****   #define __UNALIGNED_UINT16_WRITE(addr, val)    (void)((((struct T_UINT16_WRITE *)(void *)(addr))-
  85:Generated_Source\PSoC6\pdl\cmsis/include/cmsis_gcc.h **** #endif
  86:Generated_Source\PSoC6\pdl\cmsis/include/cmsis_gcc.h **** #ifndef   __UNALIGNED_UINT16_READ
  87:Generated_Source\PSoC6\pdl\cmsis/include/cmsis_gcc.h ****   #pragma GCC diagnostic push
  88:Generated_Source\PSoC6\pdl\cmsis/include/cmsis_gcc.h ****   #pragma GCC diagnostic ignored "-Wpacked"
  89:Generated_Source\PSoC6\pdl\cmsis/include/cmsis_gcc.h ****   #pragma GCC diagnostic ignored "-Wattributes"
  90:Generated_Source\PSoC6\pdl\cmsis/include/cmsis_gcc.h ****   __PACKED_STRUCT T_UINT16_READ { uint16_t v; };
  91:Generated_Source\PSoC6\pdl\cmsis/include/cmsis_gcc.h ****   #pragma GCC diagnostic pop
  92:Generated_Source\PSoC6\pdl\cmsis/include/cmsis_gcc.h ****   #define __UNALIGNED_UINT16_READ(addr)          (((const struct T_UINT16_READ *)(const void *)(add
  93:Generated_Source\PSoC6\pdl\cmsis/include/cmsis_gcc.h **** #endif
  94:Generated_Source\PSoC6\pdl\cmsis/include/cmsis_gcc.h **** #ifndef   __UNALIGNED_UINT32_WRITE
  95:Generated_Source\PSoC6\pdl\cmsis/include/cmsis_gcc.h ****   #pragma GCC diagnostic push
  96:Generated_Source\PSoC6\pdl\cmsis/include/cmsis_gcc.h ****   #pragma GCC diagnostic ignored "-Wpacked"
  97:Generated_Source\PSoC6\pdl\cmsis/include/cmsis_gcc.h ****   #pragma GCC diagnostic ignored "-Wattributes"
  98:Generated_Source\PSoC6\pdl\cmsis/include/cmsis_gcc.h ****   __PACKED_STRUCT T_UINT32_WRITE { uint32_t v; };
  99:Generated_Source\PSoC6\pdl\cmsis/include/cmsis_gcc.h ****   #pragma GCC diagnostic pop
 100:Generated_Source\PSoC6\pdl\cmsis/include/cmsis_gcc.h ****   #define __UNALIGNED_UINT32_WRITE(addr, val)    (void)((((struct T_UINT32_WRITE *)(void *)(addr))-
 101:Generated_Source\PSoC6\pdl\cmsis/include/cmsis_gcc.h **** #endif
 102:Generated_Source\PSoC6\pdl\cmsis/include/cmsis_gcc.h **** #ifndef   __UNALIGNED_UINT32_READ
 103:Generated_Source\PSoC6\pdl\cmsis/include/cmsis_gcc.h ****   #pragma GCC diagnostic push
 104:Generated_Source\PSoC6\pdl\cmsis/include/cmsis_gcc.h ****   #pragma GCC diagnostic ignored "-Wpacked"
 105:Generated_Source\PSoC6\pdl\cmsis/include/cmsis_gcc.h ****   #pragma GCC diagnostic ignored "-Wattributes"
 106:Generated_Source\PSoC6\pdl\cmsis/include/cmsis_gcc.h ****   __PACKED_STRUCT T_UINT32_READ { uint32_t v; };
 107:Generated_Source\PSoC6\pdl\cmsis/include/cmsis_gcc.h ****   #pragma GCC diagnostic pop
 108:Generated_Source\PSoC6\pdl\cmsis/include/cmsis_gcc.h ****   #define __UNALIGNED_UINT32_READ(addr)          (((const struct T_UINT32_READ *)(const void *)(add
 109:Generated_Source\PSoC6\pdl\cmsis/include/cmsis_gcc.h **** #endif
 110:Generated_Source\PSoC6\pdl\cmsis/include/cmsis_gcc.h **** #ifndef   __ALIGNED
 111:Generated_Source\PSoC6\pdl\cmsis/include/cmsis_gcc.h ****   #define __ALIGNED(x)                           __attribute__((aligned(x)))
 112:Generated_Source\PSoC6\pdl\cmsis/include/cmsis_gcc.h **** #endif
 113:Generated_Source\PSoC6\pdl\cmsis/include/cmsis_gcc.h **** #ifndef   __RESTRICT
 114:Generated_Source\PSoC6\pdl\cmsis/include/cmsis_gcc.h ****   #define __RESTRICT                             __restrict
 115:Generated_Source\PSoC6\pdl\cmsis/include/cmsis_gcc.h **** #endif
 116:Generated_Source\PSoC6\pdl\cmsis/include/cmsis_gcc.h **** 
 117:Generated_Source\PSoC6\pdl\cmsis/include/cmsis_gcc.h **** 
 118:Generated_Source\PSoC6\pdl\cmsis/include/cmsis_gcc.h **** /* ###########################  Core Function Access  ########################### */
 119:Generated_Source\PSoC6\pdl\cmsis/include/cmsis_gcc.h **** /** \ingroup  CMSIS_Core_FunctionInterface
 120:Generated_Source\PSoC6\pdl\cmsis/include/cmsis_gcc.h ****     \defgroup CMSIS_Core_RegAccFunctions CMSIS Core Register Access Functions
 121:Generated_Source\PSoC6\pdl\cmsis/include/cmsis_gcc.h ****   @{
 122:Generated_Source\PSoC6\pdl\cmsis/include/cmsis_gcc.h ****  */
 123:Generated_Source\PSoC6\pdl\cmsis/include/cmsis_gcc.h **** 
 124:Generated_Source\PSoC6\pdl\cmsis/include/cmsis_gcc.h **** /**
 125:Generated_Source\PSoC6\pdl\cmsis/include/cmsis_gcc.h ****   \brief   Enable IRQ Interrupts
 126:Generated_Source\PSoC6\pdl\cmsis/include/cmsis_gcc.h ****   \details Enables IRQ interrupts by clearing the I-bit in the CPSR.
 127:Generated_Source\PSoC6\pdl\cmsis/include/cmsis_gcc.h ****            Can only be executed in Privileged modes.
ARM GAS  C:\Users\louis\AppData\Local\Temp\cci2hSYG.s 			page 5


 128:Generated_Source\PSoC6\pdl\cmsis/include/cmsis_gcc.h ****  */
 129:Generated_Source\PSoC6\pdl\cmsis/include/cmsis_gcc.h **** __STATIC_FORCEINLINE void __enable_irq(void)
 130:Generated_Source\PSoC6\pdl\cmsis/include/cmsis_gcc.h **** {
 131:Generated_Source\PSoC6\pdl\cmsis/include/cmsis_gcc.h ****   __ASM volatile ("cpsie i" : : : "memory");
  40              		.loc 2 131 0
  41              		.syntax divided
  42              	@ 131 "Generated_Source\PSoC6\pdl\cmsis/include/cmsis_gcc.h" 1
  43 0002 62B6     		cpsie i
  44              	@ 0 "" 2
  45              		.thumb
  46              		.syntax unified
  47              	.LBE5:
  48              	.LBE4:
  63:main_cm0p.c   ****     __enable_irq(); /* Enable global interrupts. */
  64:main_cm0p.c   **** 
  65:main_cm0p.c   ****     /* Enable CM4.  CY_CORTEX_M4_APPL_ADDR must be updated 
  66:main_cm0p.c   ****        if CM4 memory layout is changed. */
  67:main_cm0p.c   ****     Cy_SysEnableCM4(CY_CORTEX_M4_APPL_ADDR); 
  49              		.loc 1 67 0
  50 0004 0148     		ldr	r0, .L3
  51 0006 FFF7FEFF 		bl	Cy_SysEnableCM4
  52              	.LVL0:
  53              	.L2:
  54 000a FEE7     		b	.L2
  55              	.L4:
  56              		.align	2
  57              	.L3:
  58 000c 00000810 		.word	268959744
  59              		.cfi_endproc
  60              	.LFE467:
  61              		.size	main, .-main
  62              		.text
  63              	.Letext0:
  64              		.file 3 "c:\\program files (x86)\\cypress\\psoc creator\\4.4\\psoc creator\\import\\gnu\\arm\\5.4.
  65              		.file 4 "c:\\program files (x86)\\cypress\\psoc creator\\4.4\\psoc creator\\import\\gnu\\arm\\5.4.
  66              		.file 5 "Generated_Source\\PSoC6\\pdl\\drivers/peripheral/device/cy_device.h"
  67              		.file 6 "Generated_Source\\PSoC6\\pdl\\drivers/peripheral/scb/cy_scb_uart.h"
  68              		.file 7 "Generated_Source\\PSoC6\\pdl\\drivers/peripheral/tcpwm/cy_tcpwm_counter.h"
  69              		.file 8 "Generated_Source\\PSoC6/UART.h"
  70              		.file 9 "Generated_Source\\PSoC6/Timer.h"
  71              		.file 10 "./system_psoc6.h"
  72              		.section	.debug_info,"",%progbits
  73              	.Ldebug_info0:
  74 0000 77070000 		.4byte	0x777
  75 0004 0400     		.2byte	0x4
  76 0006 00000000 		.4byte	.Ldebug_abbrev0
  77 000a 04       		.byte	0x4
  78 000b 01       		.uleb128 0x1
  79 000c 1A070000 		.4byte	.LASF151
  80 0010 0C       		.byte	0xc
  81 0011 85000000 		.4byte	.LASF152
  82 0015 A4050000 		.4byte	.LASF153
  83 0019 00000000 		.4byte	.Ldebug_ranges0+0
  84 001d 00000000 		.4byte	0
  85 0021 00000000 		.4byte	.Ldebug_line0
  86 0025 02       		.uleb128 0x2
  87 0026 02       		.byte	0x2
ARM GAS  C:\Users\louis\AppData\Local\Temp\cci2hSYG.s 			page 6


  88 0027 05       		.byte	0x5
  89 0028 9B060000 		.4byte	.LASF0
  90 002c 02       		.uleb128 0x2
  91 002d 01       		.byte	0x1
  92 002e 08       		.byte	0x8
  93 002f 79060000 		.4byte	.LASF1
  94 0033 02       		.uleb128 0x2
  95 0034 01       		.byte	0x1
  96 0035 06       		.byte	0x6
  97 0036 D1080000 		.4byte	.LASF2
  98 003a 03       		.uleb128 0x3
  99 003b 9F000000 		.4byte	.LASF3
 100 003f 03       		.byte	0x3
 101 0040 1D       		.byte	0x1d
 102 0041 2C000000 		.4byte	0x2c
 103 0045 03       		.uleb128 0x3
 104 0046 FB020000 		.4byte	.LASF4
 105 004a 03       		.byte	0x3
 106 004b 29       		.byte	0x29
 107 004c 25000000 		.4byte	0x25
 108 0050 03       		.uleb128 0x3
 109 0051 EB070000 		.4byte	.LASF5
 110 0055 03       		.byte	0x3
 111 0056 2B       		.byte	0x2b
 112 0057 5B000000 		.4byte	0x5b
 113 005b 02       		.uleb128 0x2
 114 005c 02       		.byte	0x2
 115 005d 07       		.byte	0x7
 116 005e 42080000 		.4byte	.LASF6
 117 0062 02       		.uleb128 0x2
 118 0063 04       		.byte	0x4
 119 0064 05       		.byte	0x5
 120 0065 36020000 		.4byte	.LASF7
 121 0069 03       		.uleb128 0x3
 122 006a E0020000 		.4byte	.LASF8
 123 006e 03       		.byte	0x3
 124 006f 41       		.byte	0x41
 125 0070 74000000 		.4byte	0x74
 126 0074 02       		.uleb128 0x2
 127 0075 04       		.byte	0x4
 128 0076 07       		.byte	0x7
 129 0077 9A030000 		.4byte	.LASF9
 130 007b 02       		.uleb128 0x2
 131 007c 08       		.byte	0x8
 132 007d 05       		.byte	0x5
 133 007e B3010000 		.4byte	.LASF10
 134 0082 02       		.uleb128 0x2
 135 0083 08       		.byte	0x8
 136 0084 07       		.byte	0x7
 137 0085 1C010000 		.4byte	.LASF11
 138 0089 04       		.uleb128 0x4
 139 008a 04       		.byte	0x4
 140 008b 05       		.byte	0x5
 141 008c 696E7400 		.ascii	"int\000"
 142 0090 02       		.uleb128 0x2
 143 0091 04       		.byte	0x4
 144 0092 07       		.byte	0x7
ARM GAS  C:\Users\louis\AppData\Local\Temp\cci2hSYG.s 			page 7


 145 0093 5E030000 		.4byte	.LASF12
 146 0097 03       		.uleb128 0x3
 147 0098 1C090000 		.4byte	.LASF13
 148 009c 04       		.byte	0x4
 149 009d 18       		.byte	0x18
 150 009e 3A000000 		.4byte	0x3a
 151 00a2 03       		.uleb128 0x3
 152 00a3 AB010000 		.4byte	.LASF14
 153 00a7 04       		.byte	0x4
 154 00a8 20       		.byte	0x20
 155 00a9 45000000 		.4byte	0x45
 156 00ad 03       		.uleb128 0x3
 157 00ae 6B030000 		.4byte	.LASF15
 158 00b2 04       		.byte	0x4
 159 00b3 24       		.byte	0x24
 160 00b4 50000000 		.4byte	0x50
 161 00b8 03       		.uleb128 0x3
 162 00b9 FC060000 		.4byte	.LASF16
 163 00bd 04       		.byte	0x4
 164 00be 30       		.byte	0x30
 165 00bf 69000000 		.4byte	0x69
 166 00c3 02       		.uleb128 0x2
 167 00c4 04       		.byte	0x4
 168 00c5 07       		.byte	0x7
 169 00c6 EB040000 		.4byte	.LASF17
 170 00ca 05       		.uleb128 0x5
 171 00cb B8000000 		.4byte	0xb8
 172 00cf 02       		.uleb128 0x2
 173 00d0 08       		.byte	0x8
 174 00d1 04       		.byte	0x4
 175 00d2 B5070000 		.4byte	.LASF18
 176 00d6 06       		.uleb128 0x6
 177 00d7 B8       		.byte	0xb8
 178 00d8 05       		.byte	0x5
 179 00d9 34       		.byte	0x34
 180 00da E7040000 		.4byte	0x4e7
 181 00de 07       		.uleb128 0x7
 182 00df F2000000 		.4byte	.LASF19
 183 00e3 05       		.byte	0x5
 184 00e4 37       		.byte	0x37
 185 00e5 B8000000 		.4byte	0xb8
 186 00e9 00       		.byte	0
 187 00ea 07       		.uleb128 0x7
 188 00eb D5020000 		.4byte	.LASF20
 189 00ef 05       		.byte	0x5
 190 00f0 38       		.byte	0x38
 191 00f1 B8000000 		.4byte	0xb8
 192 00f5 04       		.byte	0x4
 193 00f6 07       		.uleb128 0x7
 194 00f7 4D020000 		.4byte	.LASF21
 195 00fb 05       		.byte	0x5
 196 00fc 39       		.byte	0x39
 197 00fd B8000000 		.4byte	0xb8
 198 0101 08       		.byte	0x8
 199 0102 07       		.uleb128 0x7
 200 0103 6B060000 		.4byte	.LASF22
 201 0107 05       		.byte	0x5
ARM GAS  C:\Users\louis\AppData\Local\Temp\cci2hSYG.s 			page 8


 202 0108 3A       		.byte	0x3a
 203 0109 B8000000 		.4byte	0xb8
 204 010d 0C       		.byte	0xc
 205 010e 07       		.uleb128 0x7
 206 010f F4010000 		.4byte	.LASF23
 207 0113 05       		.byte	0x5
 208 0114 3B       		.byte	0x3b
 209 0115 B8000000 		.4byte	0xb8
 210 0119 10       		.byte	0x10
 211 011a 07       		.uleb128 0x7
 212 011b 2C020000 		.4byte	.LASF24
 213 011f 05       		.byte	0x5
 214 0120 3C       		.byte	0x3c
 215 0121 B8000000 		.4byte	0xb8
 216 0125 14       		.byte	0x14
 217 0126 07       		.uleb128 0x7
 218 0127 F5030000 		.4byte	.LASF25
 219 012b 05       		.byte	0x5
 220 012c 3D       		.byte	0x3d
 221 012d B8000000 		.4byte	0xb8
 222 0131 18       		.byte	0x18
 223 0132 07       		.uleb128 0x7
 224 0133 7C000000 		.4byte	.LASF26
 225 0137 05       		.byte	0x5
 226 0138 3E       		.byte	0x3e
 227 0139 B8000000 		.4byte	0xb8
 228 013d 1C       		.byte	0x1c
 229 013e 07       		.uleb128 0x7
 230 013f 9B090000 		.4byte	.LASF27
 231 0143 05       		.byte	0x5
 232 0144 3F       		.byte	0x3f
 233 0145 B8000000 		.4byte	0xb8
 234 0149 20       		.byte	0x20
 235 014a 07       		.uleb128 0x7
 236 014b 68050000 		.4byte	.LASF28
 237 014f 05       		.byte	0x5
 238 0150 40       		.byte	0x40
 239 0151 B8000000 		.4byte	0xb8
 240 0155 24       		.byte	0x24
 241 0156 07       		.uleb128 0x7
 242 0157 A1040000 		.4byte	.LASF29
 243 015b 05       		.byte	0x5
 244 015c 43       		.byte	0x43
 245 015d 97000000 		.4byte	0x97
 246 0161 28       		.byte	0x28
 247 0162 07       		.uleb128 0x7
 248 0163 5F000000 		.4byte	.LASF30
 249 0167 05       		.byte	0x5
 250 0168 44       		.byte	0x44
 251 0169 97000000 		.4byte	0x97
 252 016d 29       		.byte	0x29
 253 016e 07       		.uleb128 0x7
 254 016f 91090000 		.4byte	.LASF31
 255 0173 05       		.byte	0x5
 256 0174 45       		.byte	0x45
 257 0175 97000000 		.4byte	0x97
 258 0179 2A       		.byte	0x2a
ARM GAS  C:\Users\louis\AppData\Local\Temp\cci2hSYG.s 			page 9


 259 017a 07       		.uleb128 0x7
 260 017b 5A050000 		.4byte	.LASF32
 261 017f 05       		.byte	0x5
 262 0180 46       		.byte	0x46
 263 0181 97000000 		.4byte	0x97
 264 0185 2B       		.byte	0x2b
 265 0186 07       		.uleb128 0x7
 266 0187 4A040000 		.4byte	.LASF33
 267 018b 05       		.byte	0x5
 268 018c 47       		.byte	0x47
 269 018d 97000000 		.4byte	0x97
 270 0191 2C       		.byte	0x2c
 271 0192 07       		.uleb128 0x7
 272 0193 09080000 		.4byte	.LASF34
 273 0197 05       		.byte	0x5
 274 0198 48       		.byte	0x48
 275 0199 97000000 		.4byte	0x97
 276 019d 2D       		.byte	0x2d
 277 019e 07       		.uleb128 0x7
 278 019f FD010000 		.4byte	.LASF35
 279 01a3 05       		.byte	0x5
 280 01a4 49       		.byte	0x49
 281 01a5 97000000 		.4byte	0x97
 282 01a9 2E       		.byte	0x2e
 283 01aa 07       		.uleb128 0x7
 284 01ab AE040000 		.4byte	.LASF36
 285 01af 05       		.byte	0x5
 286 01b0 4A       		.byte	0x4a
 287 01b1 97000000 		.4byte	0x97
 288 01b5 2F       		.byte	0x2f
 289 01b6 07       		.uleb128 0x7
 290 01b7 D1070000 		.4byte	.LASF37
 291 01bb 05       		.byte	0x5
 292 01bc 4B       		.byte	0x4b
 293 01bd 97000000 		.4byte	0x97
 294 01c1 30       		.byte	0x30
 295 01c2 07       		.uleb128 0x7
 296 01c3 EA030000 		.4byte	.LASF38
 297 01c7 05       		.byte	0x5
 298 01c8 4E       		.byte	0x4e
 299 01c9 97000000 		.4byte	0x97
 300 01cd 31       		.byte	0x31
 301 01ce 07       		.uleb128 0x7
 302 01cf 91000000 		.4byte	.LASF39
 303 01d3 05       		.byte	0x5
 304 01d4 4F       		.byte	0x4f
 305 01d5 97000000 		.4byte	0x97
 306 01d9 32       		.byte	0x32
 307 01da 07       		.uleb128 0x7
 308 01db 52030000 		.4byte	.LASF40
 309 01df 05       		.byte	0x5
 310 01e0 50       		.byte	0x50
 311 01e1 97000000 		.4byte	0x97
 312 01e5 33       		.byte	0x33
 313 01e6 07       		.uleb128 0x7
 314 01e7 FF040000 		.4byte	.LASF41
 315 01eb 05       		.byte	0x5
ARM GAS  C:\Users\louis\AppData\Local\Temp\cci2hSYG.s 			page 10


 316 01ec 51       		.byte	0x51
 317 01ed 97000000 		.4byte	0x97
 318 01f1 34       		.byte	0x34
 319 01f2 07       		.uleb128 0x7
 320 01f3 85080000 		.4byte	.LASF42
 321 01f7 05       		.byte	0x5
 322 01f8 52       		.byte	0x52
 323 01f9 A2000000 		.4byte	0xa2
 324 01fd 36       		.byte	0x36
 325 01fe 07       		.uleb128 0x7
 326 01ff 67020000 		.4byte	.LASF43
 327 0203 05       		.byte	0x5
 328 0204 53       		.byte	0x53
 329 0205 A2000000 		.4byte	0xa2
 330 0209 38       		.byte	0x38
 331 020a 07       		.uleb128 0x7
 332 020b F7080000 		.4byte	.LASF44
 333 020f 05       		.byte	0x5
 334 0210 54       		.byte	0x54
 335 0211 A2000000 		.4byte	0xa2
 336 0215 3A       		.byte	0x3a
 337 0216 07       		.uleb128 0x7
 338 0217 1D020000 		.4byte	.LASF45
 339 021b 05       		.byte	0x5
 340 021c 55       		.byte	0x55
 341 021d 97000000 		.4byte	0x97
 342 0221 3C       		.byte	0x3c
 343 0222 07       		.uleb128 0x7
 344 0223 8E020000 		.4byte	.LASF46
 345 0227 05       		.byte	0x5
 346 0228 56       		.byte	0x56
 347 0229 97000000 		.4byte	0x97
 348 022d 3D       		.byte	0x3d
 349 022e 07       		.uleb128 0x7
 350 022f DE060000 		.4byte	.LASF47
 351 0233 05       		.byte	0x5
 352 0234 57       		.byte	0x57
 353 0235 97000000 		.4byte	0x97
 354 0239 3E       		.byte	0x3e
 355 023a 07       		.uleb128 0x7
 356 023b 03010000 		.4byte	.LASF48
 357 023f 05       		.byte	0x5
 358 0240 58       		.byte	0x58
 359 0241 97000000 		.4byte	0x97
 360 0245 3F       		.byte	0x3f
 361 0246 07       		.uleb128 0x7
 362 0247 73050000 		.4byte	.LASF49
 363 024b 05       		.byte	0x5
 364 024c 59       		.byte	0x59
 365 024d 97000000 		.4byte	0x97
 366 0251 40       		.byte	0x40
 367 0252 07       		.uleb128 0x7
 368 0253 EB020000 		.4byte	.LASF50
 369 0257 05       		.byte	0x5
 370 0258 5A       		.byte	0x5a
 371 0259 97000000 		.4byte	0x97
 372 025d 41       		.byte	0x41
ARM GAS  C:\Users\louis\AppData\Local\Temp\cci2hSYG.s 			page 11


 373 025e 07       		.uleb128 0x7
 374 025f 66040000 		.4byte	.LASF51
 375 0263 05       		.byte	0x5
 376 0264 5B       		.byte	0x5b
 377 0265 97000000 		.4byte	0x97
 378 0269 42       		.byte	0x42
 379 026a 07       		.uleb128 0x7
 380 026b 46050000 		.4byte	.LASF52
 381 026f 05       		.byte	0x5
 382 0270 5C       		.byte	0x5c
 383 0271 97000000 		.4byte	0x97
 384 0275 43       		.byte	0x43
 385 0276 07       		.uleb128 0x7
 386 0277 56020000 		.4byte	.LASF53
 387 027b 05       		.byte	0x5
 388 027c 5D       		.byte	0x5d
 389 027d 97000000 		.4byte	0x97
 390 0281 44       		.byte	0x44
 391 0282 07       		.uleb128 0x7
 392 0283 00000000 		.4byte	.LASF54
 393 0287 05       		.byte	0x5
 394 0288 5E       		.byte	0x5e
 395 0289 B8000000 		.4byte	0xb8
 396 028d 48       		.byte	0x48
 397 028e 07       		.uleb128 0x7
 398 028f 3F020000 		.4byte	.LASF55
 399 0293 05       		.byte	0x5
 400 0294 5F       		.byte	0x5f
 401 0295 B8000000 		.4byte	0xb8
 402 0299 4C       		.byte	0x4c
 403 029a 07       		.uleb128 0x7
 404 029b D1090000 		.4byte	.LASF56
 405 029f 05       		.byte	0x5
 406 02a0 60       		.byte	0x60
 407 02a1 97000000 		.4byte	0x97
 408 02a5 50       		.byte	0x50
 409 02a6 07       		.uleb128 0x7
 410 02a7 85010000 		.4byte	.LASF57
 411 02ab 05       		.byte	0x5
 412 02ac 61       		.byte	0x61
 413 02ad 97000000 		.4byte	0x97
 414 02b1 51       		.byte	0x51
 415 02b2 07       		.uleb128 0x7
 416 02b3 0C090000 		.4byte	.LASF58
 417 02b7 05       		.byte	0x5
 418 02b8 62       		.byte	0x62
 419 02b9 97000000 		.4byte	0x97
 420 02bd 52       		.byte	0x52
 421 02be 07       		.uleb128 0x7
 422 02bf 16080000 		.4byte	.LASF59
 423 02c3 05       		.byte	0x5
 424 02c4 63       		.byte	0x63
 425 02c5 97000000 		.4byte	0x97
 426 02c9 53       		.byte	0x53
 427 02ca 07       		.uleb128 0x7
 428 02cb EC060000 		.4byte	.LASF60
 429 02cf 05       		.byte	0x5
ARM GAS  C:\Users\louis\AppData\Local\Temp\cci2hSYG.s 			page 12


 430 02d0 64       		.byte	0x64
 431 02d1 97000000 		.4byte	0x97
 432 02d5 54       		.byte	0x54
 433 02d6 07       		.uleb128 0x7
 434 02d7 97010000 		.4byte	.LASF61
 435 02db 05       		.byte	0x5
 436 02dc 65       		.byte	0x65
 437 02dd 97000000 		.4byte	0x97
 438 02e1 55       		.byte	0x55
 439 02e2 07       		.uleb128 0x7
 440 02e3 86030000 		.4byte	.LASF62
 441 02e7 05       		.byte	0x5
 442 02e8 66       		.byte	0x66
 443 02e9 97000000 		.4byte	0x97
 444 02ed 56       		.byte	0x56
 445 02ee 07       		.uleb128 0x7
 446 02ef B9060000 		.4byte	.LASF63
 447 02f3 05       		.byte	0x5
 448 02f4 67       		.byte	0x67
 449 02f5 97000000 		.4byte	0x97
 450 02f9 57       		.byte	0x57
 451 02fa 07       		.uleb128 0x7
 452 02fb 24000000 		.4byte	.LASF64
 453 02ff 05       		.byte	0x5
 454 0300 68       		.byte	0x68
 455 0301 97000000 		.4byte	0x97
 456 0305 58       		.byte	0x58
 457 0306 07       		.uleb128 0x7
 458 0307 87060000 		.4byte	.LASF65
 459 030b 05       		.byte	0x5
 460 030c 69       		.byte	0x69
 461 030d 97000000 		.4byte	0x97
 462 0311 59       		.byte	0x59
 463 0312 07       		.uleb128 0x7
 464 0313 F4040000 		.4byte	.LASF66
 465 0317 05       		.byte	0x5
 466 0318 6E       		.byte	0x6e
 467 0319 AD000000 		.4byte	0xad
 468 031d 5A       		.byte	0x5a
 469 031e 07       		.uleb128 0x7
 470 031f 55080000 		.4byte	.LASF67
 471 0323 05       		.byte	0x5
 472 0324 6F       		.byte	0x6f
 473 0325 AD000000 		.4byte	0xad
 474 0329 5C       		.byte	0x5c
 475 032a 07       		.uleb128 0x7
 476 032b 6D000000 		.4byte	.LASF68
 477 032f 05       		.byte	0x5
 478 0330 70       		.byte	0x70
 479 0331 97000000 		.4byte	0x97
 480 0335 5E       		.byte	0x5e
 481 0336 07       		.uleb128 0x7
 482 0337 44060000 		.4byte	.LASF69
 483 033b 05       		.byte	0x5
 484 033c 71       		.byte	0x71
 485 033d 97000000 		.4byte	0x97
 486 0341 5F       		.byte	0x5f
ARM GAS  C:\Users\louis\AppData\Local\Temp\cci2hSYG.s 			page 13


 487 0342 07       		.uleb128 0x7
 488 0343 35050000 		.4byte	.LASF70
 489 0347 05       		.byte	0x5
 490 0348 72       		.byte	0x72
 491 0349 97000000 		.4byte	0x97
 492 034d 60       		.byte	0x60
 493 034e 07       		.uleb128 0x7
 494 034f 93050000 		.4byte	.LASF71
 495 0353 05       		.byte	0x5
 496 0354 73       		.byte	0x73
 497 0355 B8000000 		.4byte	0xb8
 498 0359 64       		.byte	0x64
 499 035a 07       		.uleb128 0x7
 500 035b 42010000 		.4byte	.LASF72
 501 035f 05       		.byte	0x5
 502 0360 76       		.byte	0x76
 503 0361 AD000000 		.4byte	0xad
 504 0365 68       		.byte	0x68
 505 0366 07       		.uleb128 0x7
 506 0367 74030000 		.4byte	.LASF73
 507 036b 05       		.byte	0x5
 508 036c 77       		.byte	0x77
 509 036d AD000000 		.4byte	0xad
 510 0371 6A       		.byte	0x6a
 511 0372 07       		.uleb128 0x7
 512 0373 07040000 		.4byte	.LASF74
 513 0377 05       		.byte	0x5
 514 0378 78       		.byte	0x78
 515 0379 AD000000 		.4byte	0xad
 516 037d 6C       		.byte	0x6c
 517 037e 07       		.uleb128 0x7
 518 037f 2D040000 		.4byte	.LASF75
 519 0383 05       		.byte	0x5
 520 0384 79       		.byte	0x79
 521 0385 AD000000 		.4byte	0xad
 522 0389 6E       		.byte	0x6e
 523 038a 07       		.uleb128 0x7
 524 038b A5060000 		.4byte	.LASF76
 525 038f 05       		.byte	0x5
 526 0390 7B       		.byte	0x7b
 527 0391 97000000 		.4byte	0x97
 528 0395 70       		.byte	0x70
 529 0396 07       		.uleb128 0x7
 530 0397 DF010000 		.4byte	.LASF77
 531 039b 05       		.byte	0x5
 532 039c 7C       		.byte	0x7c
 533 039d 97000000 		.4byte	0x97
 534 03a1 71       		.byte	0x71
 535 03a2 07       		.uleb128 0x7
 536 03a3 A3090000 		.4byte	.LASF78
 537 03a7 05       		.byte	0x5
 538 03a8 7D       		.byte	0x7d
 539 03a9 97000000 		.4byte	0x97
 540 03ad 72       		.byte	0x72
 541 03ae 07       		.uleb128 0x7
 542 03af 10050000 		.4byte	.LASF79
 543 03b3 05       		.byte	0x5
ARM GAS  C:\Users\louis\AppData\Local\Temp\cci2hSYG.s 			page 14


 544 03b4 7E       		.byte	0x7e
 545 03b5 97000000 		.4byte	0x97
 546 03b9 73       		.byte	0x73
 547 03ba 07       		.uleb128 0x7
 548 03bb AF020000 		.4byte	.LASF80
 549 03bf 05       		.byte	0x5
 550 03c0 80       		.byte	0x80
 551 03c1 AD000000 		.4byte	0xad
 552 03c5 74       		.byte	0x74
 553 03c6 07       		.uleb128 0x7
 554 03c7 F6070000 		.4byte	.LASF81
 555 03cb 05       		.byte	0x5
 556 03cc 81       		.byte	0x81
 557 03cd AD000000 		.4byte	0xad
 558 03d1 76       		.byte	0x76
 559 03d2 07       		.uleb128 0x7
 560 03d3 79020000 		.4byte	.LASF82
 561 03d7 05       		.byte	0x5
 562 03d8 82       		.byte	0x82
 563 03d9 AD000000 		.4byte	0xad
 564 03dd 78       		.byte	0x78
 565 03de 07       		.uleb128 0x7
 566 03df A9000000 		.4byte	.LASF83
 567 03e3 05       		.byte	0x5
 568 03e4 83       		.byte	0x83
 569 03e5 AD000000 		.4byte	0xad
 570 03e9 7A       		.byte	0x7a
 571 03ea 07       		.uleb128 0x7
 572 03eb 39090000 		.4byte	.LASF84
 573 03ef 05       		.byte	0x5
 574 03f0 86       		.byte	0x86
 575 03f1 97000000 		.4byte	0x97
 576 03f5 7C       		.byte	0x7c
 577 03f6 07       		.uleb128 0x7
 578 03f7 B2080000 		.4byte	.LASF85
 579 03fb 05       		.byte	0x5
 580 03fc 87       		.byte	0x87
 581 03fd 97000000 		.4byte	0x97
 582 0401 7D       		.byte	0x7d
 583 0402 07       		.uleb128 0x7
 584 0403 38000000 		.4byte	.LASF86
 585 0407 05       		.byte	0x5
 586 0408 88       		.byte	0x88
 587 0409 97000000 		.4byte	0x97
 588 040d 7E       		.byte	0x7e
 589 040e 07       		.uleb128 0x7
 590 040f C1020000 		.4byte	.LASF87
 591 0413 05       		.byte	0x5
 592 0414 89       		.byte	0x89
 593 0415 97000000 		.4byte	0x97
 594 0419 7F       		.byte	0x7f
 595 041a 07       		.uleb128 0x7
 596 041b 3E030000 		.4byte	.LASF88
 597 041f 05       		.byte	0x5
 598 0420 8A       		.byte	0x8a
 599 0421 97000000 		.4byte	0x97
 600 0425 80       		.byte	0x80
ARM GAS  C:\Users\louis\AppData\Local\Temp\cci2hSYG.s 			page 15


 601 0426 07       		.uleb128 0x7
 602 0427 9B080000 		.4byte	.LASF89
 603 042b 05       		.byte	0x5
 604 042c 8D       		.byte	0x8d
 605 042d B8000000 		.4byte	0xb8
 606 0431 84       		.byte	0x84
 607 0432 07       		.uleb128 0x7
 608 0433 BE000000 		.4byte	.LASF90
 609 0437 05       		.byte	0x5
 610 0438 8E       		.byte	0x8e
 611 0439 B8000000 		.4byte	0xb8
 612 043d 88       		.byte	0x88
 613 043e 07       		.uleb128 0x7
 614 043f 24090000 		.4byte	.LASF91
 615 0443 05       		.byte	0x5
 616 0444 8F       		.byte	0x8f
 617 0445 B8000000 		.4byte	0xb8
 618 0449 8C       		.byte	0x8c
 619 044a 07       		.uleb128 0x7
 620 044b BA040000 		.4byte	.LASF92
 621 044f 05       		.byte	0x5
 622 0450 90       		.byte	0x90
 623 0451 B8000000 		.4byte	0xb8
 624 0455 90       		.byte	0x90
 625 0456 07       		.uleb128 0x7
 626 0457 0E030000 		.4byte	.LASF93
 627 045b 05       		.byte	0x5
 628 045c 91       		.byte	0x91
 629 045d B8000000 		.4byte	0xb8
 630 0461 94       		.byte	0x94
 631 0462 07       		.uleb128 0x7
 632 0463 80040000 		.4byte	.LASF94
 633 0467 05       		.byte	0x5
 634 0468 92       		.byte	0x92
 635 0469 B8000000 		.4byte	0xb8
 636 046d 98       		.byte	0x98
 637 046e 07       		.uleb128 0x7
 638 046f 6C090000 		.4byte	.LASF95
 639 0473 05       		.byte	0x5
 640 0474 93       		.byte	0x93
 641 0475 B8000000 		.4byte	0xb8
 642 0479 9C       		.byte	0x9c
 643 047a 07       		.uleb128 0x7
 644 047b 5C010000 		.4byte	.LASF96
 645 047f 05       		.byte	0x5
 646 0480 94       		.byte	0x94
 647 0481 B8000000 		.4byte	0xb8
 648 0485 A0       		.byte	0xa0
 649 0486 07       		.uleb128 0x7
 650 0487 08020000 		.4byte	.LASF97
 651 048b 05       		.byte	0x5
 652 048c 95       		.byte	0x95
 653 048d AD000000 		.4byte	0xad
 654 0491 A4       		.byte	0xa4
 655 0492 07       		.uleb128 0x7
 656 0493 05070000 		.4byte	.LASF98
 657 0497 05       		.byte	0x5
ARM GAS  C:\Users\louis\AppData\Local\Temp\cci2hSYG.s 			page 16


 658 0498 96       		.byte	0x96
 659 0499 AD000000 		.4byte	0xad
 660 049d A6       		.byte	0xa6
 661 049e 07       		.uleb128 0x7
 662 049f 38060000 		.4byte	.LASF99
 663 04a3 05       		.byte	0x5
 664 04a4 97       		.byte	0x97
 665 04a5 AD000000 		.4byte	0xad
 666 04a9 A8       		.byte	0xa8
 667 04aa 07       		.uleb128 0x7
 668 04ab DD070000 		.4byte	.LASF100
 669 04af 05       		.byte	0x5
 670 04b0 98       		.byte	0x98
 671 04b1 AD000000 		.4byte	0xad
 672 04b5 AA       		.byte	0xaa
 673 04b6 07       		.uleb128 0x7
 674 04b7 16040000 		.4byte	.LASF101
 675 04bb 05       		.byte	0x5
 676 04bc 99       		.byte	0x99
 677 04bd AD000000 		.4byte	0xad
 678 04c1 AC       		.byte	0xac
 679 04c2 07       		.uleb128 0x7
 680 04c3 27050000 		.4byte	.LASF102
 681 04c7 05       		.byte	0x5
 682 04c8 9A       		.byte	0x9a
 683 04c9 AD000000 		.4byte	0xad
 684 04cd AE       		.byte	0xae
 685 04ce 07       		.uleb128 0x7
 686 04cf 68080000 		.4byte	.LASF103
 687 04d3 05       		.byte	0x5
 688 04d4 9D       		.byte	0x9d
 689 04d5 AD000000 		.4byte	0xad
 690 04d9 B0       		.byte	0xb0
 691 04da 07       		.uleb128 0x7
 692 04db 4B000000 		.4byte	.LASF104
 693 04df 05       		.byte	0x5
 694 04e0 9E       		.byte	0x9e
 695 04e1 B8000000 		.4byte	0xb8
 696 04e5 B4       		.byte	0xb4
 697 04e6 00       		.byte	0
 698 04e7 03       		.uleb128 0x3
 699 04e8 56040000 		.4byte	.LASF105
 700 04ec 05       		.byte	0x5
 701 04ed 9F       		.byte	0x9f
 702 04ee D6000000 		.4byte	0xd6
 703 04f2 02       		.uleb128 0x2
 704 04f3 01       		.byte	0x1
 705 04f4 08       		.byte	0x8
 706 04f5 C1070000 		.4byte	.LASF106
 707 04f9 02       		.uleb128 0x2
 708 04fa 04       		.byte	0x4
 709 04fb 04       		.byte	0x4
 710 04fc 8D050000 		.4byte	.LASF107
 711 0500 02       		.uleb128 0x2
 712 0501 08       		.byte	0x8
 713 0502 04       		.byte	0x4
 714 0503 72020000 		.4byte	.LASF108
ARM GAS  C:\Users\louis\AppData\Local\Temp\cci2hSYG.s 			page 17


 715 0507 08       		.uleb128 0x8
 716 0508 04       		.byte	0x4
 717 0509 02       		.uleb128 0x2
 718 050a 01       		.byte	0x1
 719 050b 02       		.byte	0x2
 720 050c 73060000 		.4byte	.LASF109
 721 0510 09       		.uleb128 0x9
 722 0511 04       		.byte	0x4
 723 0512 16050000 		.4byte	0x516
 724 0516 0A       		.uleb128 0xa
 725 0517 21050000 		.4byte	0x521
 726 051b 0B       		.uleb128 0xb
 727 051c B8000000 		.4byte	0xb8
 728 0520 00       		.byte	0
 729 0521 0C       		.uleb128 0xc
 730 0522 BE030000 		.4byte	.LASF110
 731 0526 06       		.byte	0x6
 732 0527 D901     		.2byte	0x1d9
 733 0529 10050000 		.4byte	0x510
 734 052d 0D       		.uleb128 0xd
 735 052e B9090000 		.4byte	.LASF126
 736 0532 38       		.byte	0x38
 737 0533 06       		.byte	0x6
 738 0534 7502     		.2byte	0x275
 739 0536 F1050000 		.4byte	0x5f1
 740 053a 0E       		.uleb128 0xe
 741 053b FE030000 		.4byte	.LASF111
 742 053f 06       		.byte	0x6
 743 0540 7802     		.2byte	0x278
 744 0542 CA000000 		.4byte	0xca
 745 0546 00       		.byte	0
 746 0547 0E       		.uleb128 0xe
 747 0548 51050000 		.4byte	.LASF112
 748 054c 06       		.byte	0x6
 749 054d 7902     		.2byte	0x279
 750 054f CA000000 		.4byte	0xca
 751 0553 04       		.byte	0x4
 752 0554 0E       		.uleb128 0xe
 753 0555 52010000 		.4byte	.LASF113
 754 0559 06       		.byte	0x6
 755 055a 7B02     		.2byte	0x27b
 756 055c 07050000 		.4byte	0x507
 757 0560 08       		.byte	0x8
 758 0561 0E       		.uleb128 0xe
 759 0562 28080000 		.4byte	.LASF114
 760 0566 06       		.byte	0x6
 761 0567 7C02     		.2byte	0x27c
 762 0569 B8000000 		.4byte	0xb8
 763 056d 0C       		.byte	0xc
 764 056e 0E       		.uleb128 0xe
 765 056f 72040000 		.4byte	.LASF115
 766 0573 06       		.byte	0x6
 767 0574 7D02     		.2byte	0x27d
 768 0576 CA000000 		.4byte	0xca
 769 057a 10       		.byte	0x10
 770 057b 0E       		.uleb128 0xe
 771 057c 5E090000 		.4byte	.LASF116
ARM GAS  C:\Users\louis\AppData\Local\Temp\cci2hSYG.s 			page 18


 772 0580 06       		.byte	0x6
 773 0581 7E02     		.2byte	0x27e
 774 0583 CA000000 		.4byte	0xca
 775 0587 14       		.byte	0x14
 776 0588 0E       		.uleb128 0xe
 777 0589 CB080000 		.4byte	.LASF117
 778 058d 06       		.byte	0x6
 779 058e 8002     		.2byte	0x280
 780 0590 07050000 		.4byte	0x507
 781 0594 18       		.byte	0x18
 782 0595 0E       		.uleb128 0xe
 783 0596 1A000000 		.4byte	.LASF118
 784 059a 06       		.byte	0x6
 785 059b 8102     		.2byte	0x281
 786 059d B8000000 		.4byte	0xb8
 787 05a1 1C       		.byte	0x1c
 788 05a2 0E       		.uleb128 0xe
 789 05a3 05030000 		.4byte	.LASF119
 790 05a7 06       		.byte	0x6
 791 05a8 8202     		.2byte	0x282
 792 05aa CA000000 		.4byte	0xca
 793 05ae 20       		.byte	0x20
 794 05af 0E       		.uleb128 0xe
 795 05b0 72010000 		.4byte	.LASF120
 796 05b4 06       		.byte	0x6
 797 05b5 8402     		.2byte	0x284
 798 05b7 07050000 		.4byte	0x507
 799 05bb 24       		.byte	0x24
 800 05bc 0E       		.uleb128 0xe
 801 05bd 23030000 		.4byte	.LASF121
 802 05c1 06       		.byte	0x6
 803 05c2 8502     		.2byte	0x285
 804 05c4 B8000000 		.4byte	0xb8
 805 05c8 28       		.byte	0x28
 806 05c9 0E       		.uleb128 0xe
 807 05ca 5A060000 		.4byte	.LASF122
 808 05ce 06       		.byte	0x6
 809 05cf 8602     		.2byte	0x286
 810 05d1 CA000000 		.4byte	0xca
 811 05d5 2C       		.byte	0x2c
 812 05d6 0E       		.uleb128 0xe
 813 05d7 24040000 		.4byte	.LASF123
 814 05db 06       		.byte	0x6
 815 05dc 8B02     		.2byte	0x28b
 816 05de 21050000 		.4byte	0x521
 817 05e2 30       		.byte	0x30
 818 05e3 0E       		.uleb128 0xe
 819 05e4 C3080000 		.4byte	.LASF124
 820 05e8 06       		.byte	0x6
 821 05e9 8E02     		.2byte	0x28e
 822 05eb B8000000 		.4byte	0xb8
 823 05ef 34       		.byte	0x34
 824 05f0 00       		.byte	0
 825 05f1 0C       		.uleb128 0xc
 826 05f2 DD080000 		.4byte	.LASF125
 827 05f6 06       		.byte	0x6
 828 05f7 9102     		.2byte	0x291
ARM GAS  C:\Users\louis\AppData\Local\Temp\cci2hSYG.s 			page 19


 829 05f9 2D050000 		.4byte	0x52d
 830 05fd 0F       		.uleb128 0xf
 831 05fe CF040000 		.4byte	.LASF127
 832 0602 4C       		.byte	0x4c
 833 0603 07       		.byte	0x7
 834 0604 2F       		.byte	0x2f
 835 0605 EE060000 		.4byte	0x6ee
 836 0609 07       		.uleb128 0x7
 837 060a FC000000 		.4byte	.LASF128
 838 060e 07       		.byte	0x7
 839 060f 31       		.byte	0x31
 840 0610 B8000000 		.4byte	0xb8
 841 0614 00       		.byte	0
 842 0615 07       		.uleb128 0x7
 843 0616 33010000 		.4byte	.LASF129
 844 061a 07       		.byte	0x7
 845 061b 33       		.byte	0x33
 846 061c B8000000 		.4byte	0xb8
 847 0620 04       		.byte	0x4
 848 0621 07       		.uleb128 0x7
 849 0622 12000000 		.4byte	.LASF130
 850 0626 07       		.byte	0x7
 851 0627 34       		.byte	0x34
 852 0628 B8000000 		.4byte	0xb8
 853 062c 08       		.byte	0x8
 854 062d 07       		.uleb128 0x7
 855 062e D5000000 		.4byte	.LASF131
 856 0632 07       		.byte	0x7
 857 0633 35       		.byte	0x35
 858 0634 B8000000 		.4byte	0xb8
 859 0638 0C       		.byte	0xc
 860 0639 07       		.uleb128 0x7
 861 063a CD060000 		.4byte	.LASF132
 862 063e 07       		.byte	0x7
 863 063f 37       		.byte	0x37
 864 0640 B8000000 		.4byte	0xb8
 865 0644 10       		.byte	0x10
 866 0645 07       		.uleb128 0x7
 867 0646 AC070000 		.4byte	.LASF133
 868 064a 07       		.byte	0x7
 869 064b 38       		.byte	0x38
 870 064c B8000000 		.4byte	0xb8
 871 0650 14       		.byte	0x14
 872 0651 07       		.uleb128 0x7
 873 0652 92080000 		.4byte	.LASF134
 874 0656 07       		.byte	0x7
 875 0657 39       		.byte	0x39
 876 0658 B8000000 		.4byte	0xb8
 877 065c 18       		.byte	0x18
 878 065d 07       		.uleb128 0x7
 879 065e AC030000 		.4byte	.LASF135
 880 0662 07       		.byte	0x7
 881 0663 3A       		.byte	0x3a
 882 0664 09050000 		.4byte	0x509
 883 0668 1C       		.byte	0x1c
 884 0669 07       		.uleb128 0x7
 885 066a 2D030000 		.4byte	.LASF136
ARM GAS  C:\Users\louis\AppData\Local\Temp\cci2hSYG.s 			page 20


 886 066e 07       		.byte	0x7
 887 066f 3C       		.byte	0x3c
 888 0670 B8000000 		.4byte	0xb8
 889 0674 20       		.byte	0x20
 890 0675 07       		.uleb128 0x7
 891 0676 9E020000 		.4byte	.LASF137
 892 067a 07       		.byte	0x7
 893 067b 3D       		.byte	0x3d
 894 067c B8000000 		.4byte	0xb8
 895 0680 24       		.byte	0x24
 896 0681 07       		.uleb128 0x7
 897 0682 0F010000 		.4byte	.LASF138
 898 0686 07       		.byte	0x7
 899 0687 3F       		.byte	0x3f
 900 0688 B8000000 		.4byte	0xb8
 901 068c 28       		.byte	0x28
 902 068d 07       		.uleb128 0x7
 903 068e 4E090000 		.4byte	.LASF139
 904 0692 07       		.byte	0x7
 905 0693 40       		.byte	0x40
 906 0694 B8000000 		.4byte	0xb8
 907 0698 2C       		.byte	0x2c
 908 0699 07       		.uleb128 0x7
 909 069a 36080000 		.4byte	.LASF140
 910 069e 07       		.byte	0x7
 911 069f 42       		.byte	0x42
 912 06a0 B8000000 		.4byte	0xb8
 913 06a4 30       		.byte	0x30
 914 06a5 07       		.uleb128 0x7
 915 06a6 76080000 		.4byte	.LASF141
 916 06aa 07       		.byte	0x7
 917 06ab 43       		.byte	0x43
 918 06ac B8000000 		.4byte	0xb8
 919 06b0 34       		.byte	0x34
 920 06b1 07       		.uleb128 0x7
 921 06b2 96040000 		.4byte	.LASF142
 922 06b6 07       		.byte	0x7
 923 06b7 45       		.byte	0x45
 924 06b8 B8000000 		.4byte	0xb8
 925 06bc 38       		.byte	0x38
 926 06bd 07       		.uleb128 0x7
 927 06be E4000000 		.4byte	.LASF143
 928 06c2 07       		.byte	0x7
 929 06c3 46       		.byte	0x46
 930 06c4 B8000000 		.4byte	0xb8
 931 06c8 3C       		.byte	0x3c
 932 06c9 07       		.uleb128 0x7
 933 06ca 5E080000 		.4byte	.LASF144
 934 06ce 07       		.byte	0x7
 935 06cf 48       		.byte	0x48
 936 06d0 B8000000 		.4byte	0xb8
 937 06d4 40       		.byte	0x40
 938 06d5 07       		.uleb128 0x7
 939 06d6 82090000 		.4byte	.LASF145
 940 06da 07       		.byte	0x7
 941 06db 49       		.byte	0x49
 942 06dc B8000000 		.4byte	0xb8
ARM GAS  C:\Users\louis\AppData\Local\Temp\cci2hSYG.s 			page 21


 943 06e0 44       		.byte	0x44
 944 06e1 07       		.uleb128 0x7
 945 06e2 C6070000 		.4byte	.LASF146
 946 06e6 07       		.byte	0x7
 947 06e7 4B       		.byte	0x4b
 948 06e8 B8000000 		.4byte	0xb8
 949 06ec 48       		.byte	0x48
 950 06ed 00       		.byte	0
 951 06ee 03       		.uleb128 0x3
 952 06ef C1010000 		.4byte	.LASF147
 953 06f3 07       		.byte	0x7
 954 06f4 4C       		.byte	0x4c
 955 06f5 FD050000 		.4byte	0x5fd
 956 06f9 10       		.uleb128 0x10
 957 06fa 80050000 		.4byte	.LASF154
 958 06fe 02       		.byte	0x2
 959 06ff 81       		.byte	0x81
 960 0700 03       		.byte	0x3
 961 0701 11       		.uleb128 0x11
 962 0702 99020000 		.4byte	.LASF155
 963 0706 01       		.byte	0x1
 964 0707 3D       		.byte	0x3d
 965 0708 89000000 		.4byte	0x89
 966 070c 00000000 		.4byte	.LFB467
 967 0710 10000000 		.4byte	.LFE467-.LFB467
 968 0714 01       		.uleb128 0x1
 969 0715 9C       		.byte	0x9c
 970 0716 3D070000 		.4byte	0x73d
 971 071a 12       		.uleb128 0x12
 972 071b F9060000 		.4byte	0x6f9
 973 071f 02000000 		.4byte	.LBB4
 974 0723 02000000 		.4byte	.LBE4-.LBB4
 975 0727 01       		.byte	0x1
 976 0728 3F       		.byte	0x3f
 977 0729 13       		.uleb128 0x13
 978 072a 0A000000 		.4byte	.LVL0
 979 072e 6E070000 		.4byte	0x76e
 980 0732 14       		.uleb128 0x14
 981 0733 01       		.uleb128 0x1
 982 0734 50       		.byte	0x50
 983 0735 05       		.uleb128 0x5
 984 0736 0C       		.byte	0xc
 985 0737 00000810 		.4byte	0x10080000
 986 073b 00       		.byte	0
 987 073c 00       		.byte	0
 988 073d 15       		.uleb128 0x15
 989 073e 2E060000 		.4byte	.LASF148
 990 0742 05       		.byte	0x5
 991 0743 A7       		.byte	0xa7
 992 0744 48070000 		.4byte	0x748
 993 0748 09       		.uleb128 0x9
 994 0749 04       		.byte	0x4
 995 074a 4E070000 		.4byte	0x74e
 996 074e 16       		.uleb128 0x16
 997 074f E7040000 		.4byte	0x4e7
 998 0753 15       		.uleb128 0x15
 999 0754 DD030000 		.4byte	.LASF149
ARM GAS  C:\Users\louis\AppData\Local\Temp\cci2hSYG.s 			page 22


 1000 0758 08       		.byte	0x8
 1001 0759 87       		.byte	0x87
 1002 075a F1050000 		.4byte	0x5f1
 1003 075e 15       		.uleb128 0x15
 1004 075f 78010000 		.4byte	.LASF150
 1005 0763 09       		.byte	0x9
 1006 0764 1F       		.byte	0x1f
 1007 0765 69070000 		.4byte	0x769
 1008 0769 16       		.uleb128 0x16
 1009 076a EE060000 		.4byte	0x6ee
 1010 076e 17       		.uleb128 0x17
 1011 076f 3A040000 		.4byte	.LASF156
 1012 0773 3A040000 		.4byte	.LASF156
 1013 0777 0A       		.byte	0xa
 1014 0778 2502     		.2byte	0x225
 1015 077a 00       		.byte	0
 1016              		.section	.debug_abbrev,"",%progbits
 1017              	.Ldebug_abbrev0:
 1018 0000 01       		.uleb128 0x1
 1019 0001 11       		.uleb128 0x11
 1020 0002 01       		.byte	0x1
 1021 0003 25       		.uleb128 0x25
 1022 0004 0E       		.uleb128 0xe
 1023 0005 13       		.uleb128 0x13
 1024 0006 0B       		.uleb128 0xb
 1025 0007 03       		.uleb128 0x3
 1026 0008 0E       		.uleb128 0xe
 1027 0009 1B       		.uleb128 0x1b
 1028 000a 0E       		.uleb128 0xe
 1029 000b 55       		.uleb128 0x55
 1030 000c 17       		.uleb128 0x17
 1031 000d 11       		.uleb128 0x11
 1032 000e 01       		.uleb128 0x1
 1033 000f 10       		.uleb128 0x10
 1034 0010 17       		.uleb128 0x17
 1035 0011 00       		.byte	0
 1036 0012 00       		.byte	0
 1037 0013 02       		.uleb128 0x2
 1038 0014 24       		.uleb128 0x24
 1039 0015 00       		.byte	0
 1040 0016 0B       		.uleb128 0xb
 1041 0017 0B       		.uleb128 0xb
 1042 0018 3E       		.uleb128 0x3e
 1043 0019 0B       		.uleb128 0xb
 1044 001a 03       		.uleb128 0x3
 1045 001b 0E       		.uleb128 0xe
 1046 001c 00       		.byte	0
 1047 001d 00       		.byte	0
 1048 001e 03       		.uleb128 0x3
 1049 001f 16       		.uleb128 0x16
 1050 0020 00       		.byte	0
 1051 0021 03       		.uleb128 0x3
 1052 0022 0E       		.uleb128 0xe
 1053 0023 3A       		.uleb128 0x3a
 1054 0024 0B       		.uleb128 0xb
 1055 0025 3B       		.uleb128 0x3b
 1056 0026 0B       		.uleb128 0xb
ARM GAS  C:\Users\louis\AppData\Local\Temp\cci2hSYG.s 			page 23


 1057 0027 49       		.uleb128 0x49
 1058 0028 13       		.uleb128 0x13
 1059 0029 00       		.byte	0
 1060 002a 00       		.byte	0
 1061 002b 04       		.uleb128 0x4
 1062 002c 24       		.uleb128 0x24
 1063 002d 00       		.byte	0
 1064 002e 0B       		.uleb128 0xb
 1065 002f 0B       		.uleb128 0xb
 1066 0030 3E       		.uleb128 0x3e
 1067 0031 0B       		.uleb128 0xb
 1068 0032 03       		.uleb128 0x3
 1069 0033 08       		.uleb128 0x8
 1070 0034 00       		.byte	0
 1071 0035 00       		.byte	0
 1072 0036 05       		.uleb128 0x5
 1073 0037 35       		.uleb128 0x35
 1074 0038 00       		.byte	0
 1075 0039 49       		.uleb128 0x49
 1076 003a 13       		.uleb128 0x13
 1077 003b 00       		.byte	0
 1078 003c 00       		.byte	0
 1079 003d 06       		.uleb128 0x6
 1080 003e 13       		.uleb128 0x13
 1081 003f 01       		.byte	0x1
 1082 0040 0B       		.uleb128 0xb
 1083 0041 0B       		.uleb128 0xb
 1084 0042 3A       		.uleb128 0x3a
 1085 0043 0B       		.uleb128 0xb
 1086 0044 3B       		.uleb128 0x3b
 1087 0045 0B       		.uleb128 0xb
 1088 0046 01       		.uleb128 0x1
 1089 0047 13       		.uleb128 0x13
 1090 0048 00       		.byte	0
 1091 0049 00       		.byte	0
 1092 004a 07       		.uleb128 0x7
 1093 004b 0D       		.uleb128 0xd
 1094 004c 00       		.byte	0
 1095 004d 03       		.uleb128 0x3
 1096 004e 0E       		.uleb128 0xe
 1097 004f 3A       		.uleb128 0x3a
 1098 0050 0B       		.uleb128 0xb
 1099 0051 3B       		.uleb128 0x3b
 1100 0052 0B       		.uleb128 0xb
 1101 0053 49       		.uleb128 0x49
 1102 0054 13       		.uleb128 0x13
 1103 0055 38       		.uleb128 0x38
 1104 0056 0B       		.uleb128 0xb
 1105 0057 00       		.byte	0
 1106 0058 00       		.byte	0
 1107 0059 08       		.uleb128 0x8
 1108 005a 0F       		.uleb128 0xf
 1109 005b 00       		.byte	0
 1110 005c 0B       		.uleb128 0xb
 1111 005d 0B       		.uleb128 0xb
 1112 005e 00       		.byte	0
 1113 005f 00       		.byte	0
ARM GAS  C:\Users\louis\AppData\Local\Temp\cci2hSYG.s 			page 24


 1114 0060 09       		.uleb128 0x9
 1115 0061 0F       		.uleb128 0xf
 1116 0062 00       		.byte	0
 1117 0063 0B       		.uleb128 0xb
 1118 0064 0B       		.uleb128 0xb
 1119 0065 49       		.uleb128 0x49
 1120 0066 13       		.uleb128 0x13
 1121 0067 00       		.byte	0
 1122 0068 00       		.byte	0
 1123 0069 0A       		.uleb128 0xa
 1124 006a 15       		.uleb128 0x15
 1125 006b 01       		.byte	0x1
 1126 006c 27       		.uleb128 0x27
 1127 006d 19       		.uleb128 0x19
 1128 006e 01       		.uleb128 0x1
 1129 006f 13       		.uleb128 0x13
 1130 0070 00       		.byte	0
 1131 0071 00       		.byte	0
 1132 0072 0B       		.uleb128 0xb
 1133 0073 05       		.uleb128 0x5
 1134 0074 00       		.byte	0
 1135 0075 49       		.uleb128 0x49
 1136 0076 13       		.uleb128 0x13
 1137 0077 00       		.byte	0
 1138 0078 00       		.byte	0
 1139 0079 0C       		.uleb128 0xc
 1140 007a 16       		.uleb128 0x16
 1141 007b 00       		.byte	0
 1142 007c 03       		.uleb128 0x3
 1143 007d 0E       		.uleb128 0xe
 1144 007e 3A       		.uleb128 0x3a
 1145 007f 0B       		.uleb128 0xb
 1146 0080 3B       		.uleb128 0x3b
 1147 0081 05       		.uleb128 0x5
 1148 0082 49       		.uleb128 0x49
 1149 0083 13       		.uleb128 0x13
 1150 0084 00       		.byte	0
 1151 0085 00       		.byte	0
 1152 0086 0D       		.uleb128 0xd
 1153 0087 13       		.uleb128 0x13
 1154 0088 01       		.byte	0x1
 1155 0089 03       		.uleb128 0x3
 1156 008a 0E       		.uleb128 0xe
 1157 008b 0B       		.uleb128 0xb
 1158 008c 0B       		.uleb128 0xb
 1159 008d 3A       		.uleb128 0x3a
 1160 008e 0B       		.uleb128 0xb
 1161 008f 3B       		.uleb128 0x3b
 1162 0090 05       		.uleb128 0x5
 1163 0091 01       		.uleb128 0x1
 1164 0092 13       		.uleb128 0x13
 1165 0093 00       		.byte	0
 1166 0094 00       		.byte	0
 1167 0095 0E       		.uleb128 0xe
 1168 0096 0D       		.uleb128 0xd
 1169 0097 00       		.byte	0
 1170 0098 03       		.uleb128 0x3
ARM GAS  C:\Users\louis\AppData\Local\Temp\cci2hSYG.s 			page 25


 1171 0099 0E       		.uleb128 0xe
 1172 009a 3A       		.uleb128 0x3a
 1173 009b 0B       		.uleb128 0xb
 1174 009c 3B       		.uleb128 0x3b
 1175 009d 05       		.uleb128 0x5
 1176 009e 49       		.uleb128 0x49
 1177 009f 13       		.uleb128 0x13
 1178 00a0 38       		.uleb128 0x38
 1179 00a1 0B       		.uleb128 0xb
 1180 00a2 00       		.byte	0
 1181 00a3 00       		.byte	0
 1182 00a4 0F       		.uleb128 0xf
 1183 00a5 13       		.uleb128 0x13
 1184 00a6 01       		.byte	0x1
 1185 00a7 03       		.uleb128 0x3
 1186 00a8 0E       		.uleb128 0xe
 1187 00a9 0B       		.uleb128 0xb
 1188 00aa 0B       		.uleb128 0xb
 1189 00ab 3A       		.uleb128 0x3a
 1190 00ac 0B       		.uleb128 0xb
 1191 00ad 3B       		.uleb128 0x3b
 1192 00ae 0B       		.uleb128 0xb
 1193 00af 01       		.uleb128 0x1
 1194 00b0 13       		.uleb128 0x13
 1195 00b1 00       		.byte	0
 1196 00b2 00       		.byte	0
 1197 00b3 10       		.uleb128 0x10
 1198 00b4 2E       		.uleb128 0x2e
 1199 00b5 00       		.byte	0
 1200 00b6 03       		.uleb128 0x3
 1201 00b7 0E       		.uleb128 0xe
 1202 00b8 3A       		.uleb128 0x3a
 1203 00b9 0B       		.uleb128 0xb
 1204 00ba 3B       		.uleb128 0x3b
 1205 00bb 0B       		.uleb128 0xb
 1206 00bc 27       		.uleb128 0x27
 1207 00bd 19       		.uleb128 0x19
 1208 00be 20       		.uleb128 0x20
 1209 00bf 0B       		.uleb128 0xb
 1210 00c0 00       		.byte	0
 1211 00c1 00       		.byte	0
 1212 00c2 11       		.uleb128 0x11
 1213 00c3 2E       		.uleb128 0x2e
 1214 00c4 01       		.byte	0x1
 1215 00c5 3F       		.uleb128 0x3f
 1216 00c6 19       		.uleb128 0x19
 1217 00c7 03       		.uleb128 0x3
 1218 00c8 0E       		.uleb128 0xe
 1219 00c9 3A       		.uleb128 0x3a
 1220 00ca 0B       		.uleb128 0xb
 1221 00cb 3B       		.uleb128 0x3b
 1222 00cc 0B       		.uleb128 0xb
 1223 00cd 27       		.uleb128 0x27
 1224 00ce 19       		.uleb128 0x19
 1225 00cf 49       		.uleb128 0x49
 1226 00d0 13       		.uleb128 0x13
 1227 00d1 8701     		.uleb128 0x87
ARM GAS  C:\Users\louis\AppData\Local\Temp\cci2hSYG.s 			page 26


 1228 00d3 19       		.uleb128 0x19
 1229 00d4 11       		.uleb128 0x11
 1230 00d5 01       		.uleb128 0x1
 1231 00d6 12       		.uleb128 0x12
 1232 00d7 06       		.uleb128 0x6
 1233 00d8 40       		.uleb128 0x40
 1234 00d9 18       		.uleb128 0x18
 1235 00da 9742     		.uleb128 0x2117
 1236 00dc 19       		.uleb128 0x19
 1237 00dd 01       		.uleb128 0x1
 1238 00de 13       		.uleb128 0x13
 1239 00df 00       		.byte	0
 1240 00e0 00       		.byte	0
 1241 00e1 12       		.uleb128 0x12
 1242 00e2 1D       		.uleb128 0x1d
 1243 00e3 00       		.byte	0
 1244 00e4 31       		.uleb128 0x31
 1245 00e5 13       		.uleb128 0x13
 1246 00e6 11       		.uleb128 0x11
 1247 00e7 01       		.uleb128 0x1
 1248 00e8 12       		.uleb128 0x12
 1249 00e9 06       		.uleb128 0x6
 1250 00ea 58       		.uleb128 0x58
 1251 00eb 0B       		.uleb128 0xb
 1252 00ec 59       		.uleb128 0x59
 1253 00ed 0B       		.uleb128 0xb
 1254 00ee 00       		.byte	0
 1255 00ef 00       		.byte	0
 1256 00f0 13       		.uleb128 0x13
 1257 00f1 898201   		.uleb128 0x4109
 1258 00f4 01       		.byte	0x1
 1259 00f5 11       		.uleb128 0x11
 1260 00f6 01       		.uleb128 0x1
 1261 00f7 31       		.uleb128 0x31
 1262 00f8 13       		.uleb128 0x13
 1263 00f9 00       		.byte	0
 1264 00fa 00       		.byte	0
 1265 00fb 14       		.uleb128 0x14
 1266 00fc 8A8201   		.uleb128 0x410a
 1267 00ff 00       		.byte	0
 1268 0100 02       		.uleb128 0x2
 1269 0101 18       		.uleb128 0x18
 1270 0102 9142     		.uleb128 0x2111
 1271 0104 18       		.uleb128 0x18
 1272 0105 00       		.byte	0
 1273 0106 00       		.byte	0
 1274 0107 15       		.uleb128 0x15
 1275 0108 34       		.uleb128 0x34
 1276 0109 00       		.byte	0
 1277 010a 03       		.uleb128 0x3
 1278 010b 0E       		.uleb128 0xe
 1279 010c 3A       		.uleb128 0x3a
 1280 010d 0B       		.uleb128 0xb
 1281 010e 3B       		.uleb128 0x3b
 1282 010f 0B       		.uleb128 0xb
 1283 0110 49       		.uleb128 0x49
 1284 0111 13       		.uleb128 0x13
ARM GAS  C:\Users\louis\AppData\Local\Temp\cci2hSYG.s 			page 27


 1285 0112 3F       		.uleb128 0x3f
 1286 0113 19       		.uleb128 0x19
 1287 0114 3C       		.uleb128 0x3c
 1288 0115 19       		.uleb128 0x19
 1289 0116 00       		.byte	0
 1290 0117 00       		.byte	0
 1291 0118 16       		.uleb128 0x16
 1292 0119 26       		.uleb128 0x26
 1293 011a 00       		.byte	0
 1294 011b 49       		.uleb128 0x49
 1295 011c 13       		.uleb128 0x13
 1296 011d 00       		.byte	0
 1297 011e 00       		.byte	0
 1298 011f 17       		.uleb128 0x17
 1299 0120 2E       		.uleb128 0x2e
 1300 0121 00       		.byte	0
 1301 0122 3F       		.uleb128 0x3f
 1302 0123 19       		.uleb128 0x19
 1303 0124 3C       		.uleb128 0x3c
 1304 0125 19       		.uleb128 0x19
 1305 0126 6E       		.uleb128 0x6e
 1306 0127 0E       		.uleb128 0xe
 1307 0128 03       		.uleb128 0x3
 1308 0129 0E       		.uleb128 0xe
 1309 012a 3A       		.uleb128 0x3a
 1310 012b 0B       		.uleb128 0xb
 1311 012c 3B       		.uleb128 0x3b
 1312 012d 05       		.uleb128 0x5
 1313 012e 00       		.byte	0
 1314 012f 00       		.byte	0
 1315 0130 00       		.byte	0
 1316              		.section	.debug_aranges,"",%progbits
 1317 0000 1C000000 		.4byte	0x1c
 1318 0004 0200     		.2byte	0x2
 1319 0006 00000000 		.4byte	.Ldebug_info0
 1320 000a 04       		.byte	0x4
 1321 000b 00       		.byte	0
 1322 000c 0000     		.2byte	0
 1323 000e 0000     		.2byte	0
 1324 0010 00000000 		.4byte	.LFB467
 1325 0014 10000000 		.4byte	.LFE467-.LFB467
 1326 0018 00000000 		.4byte	0
 1327 001c 00000000 		.4byte	0
 1328              		.section	.debug_ranges,"",%progbits
 1329              	.Ldebug_ranges0:
 1330 0000 00000000 		.4byte	.LFB467
 1331 0004 10000000 		.4byte	.LFE467
 1332 0008 00000000 		.4byte	0
 1333 000c 00000000 		.4byte	0
 1334              		.section	.debug_line,"",%progbits
 1335              	.Ldebug_line0:
 1336 0000 88020000 		.section	.debug_str,"MS",%progbits,1
 1336      02006802 
 1336      00000201 
 1336      FB0E0D00 
 1336      01010101 
 1337              	.LASF54:
ARM GAS  C:\Users\louis\AppData\Local\Temp\cci2hSYG.s 			page 28


 1338 0000 70726F74 		.ascii	"protBusMasterMask\000"
 1338      4275734D 
 1338      61737465 
 1338      724D6173 
 1338      6B00
 1339              	.LASF130:
 1340 0012 72756E4D 		.ascii	"runMode\000"
 1340      6F646500 
 1341              	.LASF118:
 1342 001a 72784275 		.ascii	"rxBufSize\000"
 1342      6653697A 
 1342      6500
 1343              	.LASF64:
 1344 0024 666C6173 		.ascii	"flashCtlMainWs3Freq\000"
 1344      6843746C 
 1344      4D61696E 
 1344      57733346 
 1344      72657100 
 1345              	.LASF86:
 1346 0038 6770696F 		.ascii	"gpioPrtCfgInOffset\000"
 1346      50727443 
 1346      6667496E 
 1346      4F666673 
 1346      657400
 1347              	.LASF104:
 1348 004b 6970634C 		.ascii	"ipcLockStatusOffset\000"
 1348      6F636B53 
 1348      74617475 
 1348      734F6666 
 1348      73657400 
 1349              	.LASF30:
 1350 005f 63727970 		.ascii	"cryptoVersion\000"
 1350      746F5665 
 1350      7273696F 
 1350      6E00
 1351              	.LASF68:
 1352 006d 64774368 		.ascii	"dwChCtlPrioPos\000"
 1352      43746C50 
 1352      72696F50 
 1352      6F7300
 1353              	.LASF26:
 1354 007c 70617373 		.ascii	"passBase\000"
 1354      42617365 
 1354      00
 1355              	.LASF152:
 1356 0085 6D61696E 		.ascii	"main_cm0p.c\000"
 1356      5F636D30 
 1356      702E6300 
 1357              	.LASF39:
 1358 0091 63707573 		.ascii	"cpussIpcIrqNr\000"
 1358      73497063 
 1358      4972714E 
 1358      7200
 1359              	.LASF3:
 1360 009f 5F5F7569 		.ascii	"__uint8_t\000"
 1360      6E74385F 
 1360      7400
ARM GAS  C:\Users\louis\AppData\Local\Temp\cci2hSYG.s 			page 29


 1361              	.LASF83:
 1362 00a9 70657269 		.ascii	"periDiv24_5CtlOffset\000"
 1362      44697632 
 1362      345F3543 
 1362      746C4F66 
 1362      66736574 
 1363              	.LASF90:
 1364 00be 63707573 		.ascii	"cpussCm4ClockCtlOffset\000"
 1364      73436D34 
 1364      436C6F63 
 1364      6B43746C 
 1364      4F666673 
 1365              	.LASF131:
 1366 00d5 636F756E 		.ascii	"countDirection\000"
 1366      74446972 
 1366      65637469 
 1366      6F6E00
 1367              	.LASF143:
 1368 00e4 73746F70 		.ascii	"stopInputMode\000"
 1368      496E7075 
 1368      744D6F64 
 1368      6500
 1369              	.LASF19:
 1370 00f2 63707573 		.ascii	"cpussBase\000"
 1370      73426173 
 1370      6500
 1371              	.LASF128:
 1372 00fc 70657269 		.ascii	"period\000"
 1372      6F6400
 1373              	.LASF48:
 1374 0103 70657269 		.ascii	"periClockNr\000"
 1374      436C6F63 
 1374      6B4E7200 
 1375              	.LASF138:
 1376 010f 63617074 		.ascii	"captureInput\000"
 1376      75726549 
 1376      6E707574 
 1376      00
 1377              	.LASF11:
 1378 011c 6C6F6E67 		.ascii	"long long unsigned int\000"
 1378      206C6F6E 
 1378      6720756E 
 1378      7369676E 
 1378      65642069 
 1379              	.LASF129:
 1380 0133 636C6F63 		.ascii	"clockPrescaler\000"
 1380      6B507265 
 1380      7363616C 
 1380      657200
 1381              	.LASF72:
 1382 0142 70657269 		.ascii	"periTrCmdOffset\000"
 1382      5472436D 
 1382      644F6666 
 1382      73657400 
 1383              	.LASF113:
 1384 0152 72785269 		.ascii	"rxRingBuf\000"
 1384      6E674275 
ARM GAS  C:\Users\louis\AppData\Local\Temp\cci2hSYG.s 			page 30


 1384      6600
 1385              	.LASF96:
 1386 015c 63707573 		.ascii	"cpussSysTickCtlOffset\000"
 1386      73537973 
 1386      5469636B 
 1386      43746C4F 
 1386      66667365 
 1387              	.LASF120:
 1388 0172 74784275 		.ascii	"txBuf\000"
 1388      6600
 1389              	.LASF150:
 1390 0178 54696D65 		.ascii	"Timer_config\000"
 1390      725F636F 
 1390      6E666967 
 1390      00
 1391              	.LASF57:
 1392 0185 666C6173 		.ascii	"flashPipeRequired\000"
 1392      68506970 
 1392      65526571 
 1392      75697265 
 1392      6400
 1393              	.LASF61:
 1394 0197 666C6173 		.ascii	"flashCtlMainWs0Freq\000"
 1394      6843746C 
 1394      4D61696E 
 1394      57733046 
 1394      72657100 
 1395              	.LASF14:
 1396 01ab 696E7431 		.ascii	"int16_t\000"
 1396      365F7400 
 1397              	.LASF10:
 1398 01b3 6C6F6E67 		.ascii	"long long int\000"
 1398      206C6F6E 
 1398      6720696E 
 1398      7400
 1399              	.LASF147:
 1400 01c1 63795F73 		.ascii	"cy_stc_tcpwm_counter_config_t\000"
 1400      74635F74 
 1400      6370776D 
 1400      5F636F75 
 1400      6E746572 
 1401              	.LASF77:
 1402 01df 70657269 		.ascii	"periDivCmdTypeSelPos\000"
 1402      44697643 
 1402      6D645479 
 1402      70655365 
 1402      6C506F73 
 1403              	.LASF23:
 1404 01f4 70726F74 		.ascii	"protBase\000"
 1404      42617365 
 1404      00
 1405              	.LASF35:
 1406 01fd 69706356 		.ascii	"ipcVersion\000"
 1406      65727369 
 1406      6F6E00
 1407              	.LASF97:
 1408 0208 63707573 		.ascii	"cpussCm0NmiCtlOffset\000"
ARM GAS  C:\Users\louis\AppData\Local\Temp\cci2hSYG.s 			page 31


 1408      73436D30 
 1408      4E6D6943 
 1408      746C4F66 
 1408      66736574 
 1409              	.LASF45:
 1410 021d 73727373 		.ascii	"srssNumClkpath\000"
 1410      4E756D43 
 1410      6C6B7061 
 1410      746800
 1411              	.LASF24:
 1412 022c 6873696F 		.ascii	"hsiomBase\000"
 1412      6D426173 
 1412      6500
 1413              	.LASF7:
 1414 0236 6C6F6E67 		.ascii	"long int\000"
 1414      20696E74 
 1414      00
 1415              	.LASF55:
 1416 023f 63727970 		.ascii	"cryptoMemSize\000"
 1416      746F4D65 
 1416      6D53697A 
 1416      6500
 1417              	.LASF21:
 1418 024d 70657269 		.ascii	"periBase\000"
 1418      42617365 
 1418      00
 1419              	.LASF53:
 1420 0256 73797350 		.ascii	"sysPmSimoPresent\000"
 1420      6D53696D 
 1420      6F507265 
 1420      73656E74 
 1420      00
 1421              	.LASF43:
 1422 0267 63707573 		.ascii	"cpussFmIrq\000"
 1422      73466D49 
 1422      727100
 1423              	.LASF108:
 1424 0272 646F7562 		.ascii	"double\000"
 1424      6C6500
 1425              	.LASF82:
 1426 0279 70657269 		.ascii	"periDiv16_5CtlOffset\000"
 1426      44697631 
 1426      365F3543 
 1426      746C4F66 
 1426      66736574 
 1427              	.LASF46:
 1428 028e 73727373 		.ascii	"srssNumPll\000"
 1428      4E756D50 
 1428      6C6C00
 1429              	.LASF155:
 1430 0299 6D61696E 		.ascii	"main\000"
 1430      00
 1431              	.LASF137:
 1432 029e 63617074 		.ascii	"captureInputMode\000"
 1432      75726549 
 1432      6E707574 
 1432      4D6F6465 
ARM GAS  C:\Users\louis\AppData\Local\Temp\cci2hSYG.s 			page 32


 1432      00
 1433              	.LASF80:
 1434 02af 70657269 		.ascii	"periDiv8CtlOffset\000"
 1434      44697638 
 1434      43746C4F 
 1434      66667365 
 1434      7400
 1435              	.LASF87:
 1436 02c1 6770696F 		.ascii	"gpioPrtCfgOutOffset\000"
 1436      50727443 
 1436      66674F75 
 1436      744F6666 
 1436      73657400 
 1437              	.LASF20:
 1438 02d5 666C6173 		.ascii	"flashcBase\000"
 1438      68634261 
 1438      736500
 1439              	.LASF8:
 1440 02e0 5F5F7569 		.ascii	"__uint32_t\000"
 1440      6E743332 
 1440      5F7400
 1441              	.LASF50:
 1442 02eb 70617373 		.ascii	"passSarChannels\000"
 1442      53617243 
 1442      68616E6E 
 1442      656C7300 
 1443              	.LASF4:
 1444 02fb 5F5F696E 		.ascii	"__int16_t\000"
 1444      7431365F 
 1444      7400
 1445              	.LASF119:
 1446 0305 72784275 		.ascii	"rxBufIdx\000"
 1446      66496478 
 1446      00
 1447              	.LASF93:
 1448 030e 63707573 		.ascii	"cpussCm4PwrCtlOffset\000"
 1448      73436D34 
 1448      50777243 
 1448      746C4F66 
 1448      66736574 
 1449              	.LASF121:
 1450 0323 74784275 		.ascii	"txBufSize\000"
 1450      6653697A 
 1450      6500
 1451              	.LASF136:
 1452 032d 696E7465 		.ascii	"interruptSources\000"
 1452      72727570 
 1452      74536F75 
 1452      72636573 
 1452      00
 1453              	.LASF88:
 1454 033e 6770696F 		.ascii	"gpioPrtCfgSioOffset\000"
 1454      50727443 
 1454      66675369 
 1454      6F4F6666 
 1454      73657400 
 1455              	.LASF40:
ARM GAS  C:\Users\louis\AppData\Local\Temp\cci2hSYG.s 			page 33


 1456 0352 63707573 		.ascii	"cpussDwChNr\000"
 1456      73447743 
 1456      684E7200 
 1457              	.LASF12:
 1458 035e 756E7369 		.ascii	"unsigned int\000"
 1458      676E6564 
 1458      20696E74 
 1458      00
 1459              	.LASF15:
 1460 036b 75696E74 		.ascii	"uint16_t\000"
 1460      31365F74 
 1460      00
 1461              	.LASF73:
 1462 0374 70657269 		.ascii	"periTrCmdGrSelMsk\000"
 1462      5472436D 
 1462      64477253 
 1462      656C4D73 
 1462      6B00
 1463              	.LASF62:
 1464 0386 666C6173 		.ascii	"flashCtlMainWs1Freq\000"
 1464      6843746C 
 1464      4D61696E 
 1464      57733146 
 1464      72657100 
 1465              	.LASF9:
 1466 039a 6C6F6E67 		.ascii	"long unsigned int\000"
 1466      20756E73 
 1466      69676E65 
 1466      6420696E 
 1466      7400
 1467              	.LASF135:
 1468 03ac 656E6162 		.ascii	"enableCompareSwap\000"
 1468      6C65436F 
 1468      6D706172 
 1468      65537761 
 1468      7000
 1469              	.LASF110:
 1470 03be 63795F63 		.ascii	"cy_cb_scb_uart_handle_events_t\000"
 1470      625F7363 
 1470      625F7561 
 1470      72745F68 
 1470      616E646C 
 1471              	.LASF149:
 1472 03dd 55415254 		.ascii	"UART_context\000"
 1472      5F636F6E 
 1472      74657874 
 1472      00
 1473              	.LASF38:
 1474 03ea 63707573 		.ascii	"cpussIpcNr\000"
 1474      73497063 
 1474      4E7200
 1475              	.LASF25:
 1476 03f5 6770696F 		.ascii	"gpioBase\000"
 1476      42617365 
 1476      00
 1477              	.LASF111:
 1478 03fe 74785374 		.ascii	"txStatus\000"
ARM GAS  C:\Users\louis\AppData\Local\Temp\cci2hSYG.s 			page 34


 1478      61747573 
 1478      00
 1479              	.LASF74:
 1480 0407 70657269 		.ascii	"periTrGrOffset\000"
 1480      54724772 
 1480      4F666673 
 1480      657400
 1481              	.LASF101:
 1482 0416 63707573 		.ascii	"cpussRam1Ctl0\000"
 1482      7352616D 
 1482      3143746C 
 1482      3000
 1483              	.LASF123:
 1484 0424 63624576 		.ascii	"cbEvents\000"
 1484      656E7473 
 1484      00
 1485              	.LASF75:
 1486 042d 70657269 		.ascii	"periTrGrSize\000"
 1486      54724772 
 1486      53697A65 
 1486      00
 1487              	.LASF156:
 1488 043a 43795F53 		.ascii	"Cy_SysEnableCM4\000"
 1488      7973456E 
 1488      61626C65 
 1488      434D3400 
 1489              	.LASF33:
 1490 044a 6770696F 		.ascii	"gpioVersion\000"
 1490      56657273 
 1490      696F6E00 
 1491              	.LASF105:
 1492 0456 63795F73 		.ascii	"cy_stc_device_t\000"
 1492      74635F64 
 1492      65766963 
 1492      655F7400 
 1493              	.LASF51:
 1494 0466 65704D6F 		.ascii	"epMonitorNr\000"
 1494      6E69746F 
 1494      724E7200 
 1495              	.LASF115:
 1496 0472 72785269 		.ascii	"rxRingBufHead\000"
 1496      6E674275 
 1496      66486561 
 1496      6400
 1497              	.LASF94:
 1498 0480 63707573 		.ascii	"cpussTrimRamCtlOffset\000"
 1498      73547269 
 1498      6D52616D 
 1498      43746C4F 
 1498      66667365 
 1499              	.LASF142:
 1500 0496 73746172 		.ascii	"startInput\000"
 1500      74496E70 
 1500      757400
 1501              	.LASF29:
 1502 04a1 63707573 		.ascii	"cpussVersion\000"
 1502      73566572 
ARM GAS  C:\Users\louis\AppData\Local\Temp\cci2hSYG.s 			page 35


 1502      73696F6E 
 1502      00
 1503              	.LASF36:
 1504 04ae 70657269 		.ascii	"periVersion\000"
 1504      56657273 
 1504      696F6E00 
 1505              	.LASF92:
 1506 04ba 63707573 		.ascii	"cpussCm0StatusOffset\000"
 1506      73436D30 
 1506      53746174 
 1506      75734F66 
 1506      66736574 
 1507              	.LASF127:
 1508 04cf 63795F73 		.ascii	"cy_stc_tcpwm_counter_config\000"
 1508      74635F74 
 1508      6370776D 
 1508      5F636F75 
 1508      6E746572 
 1509              	.LASF17:
 1510 04eb 73697A65 		.ascii	"sizetype\000"
 1510      74797065 
 1510      00
 1511              	.LASF66:
 1512 04f4 64774368 		.ascii	"dwChOffset\000"
 1512      4F666673 
 1512      657400
 1513              	.LASF41:
 1514 04ff 63707573 		.ascii	"cpussFlashPaSize\000"
 1514      73466C61 
 1514      73685061 
 1514      53697A65 
 1514      00
 1515              	.LASF79:
 1516 0510 70657269 		.ascii	"periDivCmdPaTypeSelPos\000"
 1516      44697643 
 1516      6D645061 
 1516      54797065 
 1516      53656C50 
 1517              	.LASF102:
 1518 0527 63707573 		.ascii	"cpussRam2Ctl0\000"
 1518      7352616D 
 1518      3243746C 
 1518      3000
 1519              	.LASF70:
 1520 0535 64775374 		.ascii	"dwStatusChIdxPos\000"
 1520      61747573 
 1520      43684964 
 1520      78506F73 
 1520      00
 1521              	.LASF52:
 1522 0546 75646250 		.ascii	"udbPresent\000"
 1522      72657365 
 1522      6E7400
 1523              	.LASF112:
 1524 0551 72785374 		.ascii	"rxStatus\000"
 1524      61747573 
 1524      00
ARM GAS  C:\Users\louis\AppData\Local\Temp\cci2hSYG.s 			page 36


 1525              	.LASF32:
 1526 055a 666C6173 		.ascii	"flashcVersion\000"
 1526      68635665 
 1526      7273696F 
 1526      6E00
 1527              	.LASF28:
 1528 0568 63727970 		.ascii	"cryptoBase\000"
 1528      746F4261 
 1528      736500
 1529              	.LASF49:
 1530 0573 736D6966 		.ascii	"smifDeviceNr\000"
 1530      44657669 
 1530      63654E72 
 1530      00
 1531              	.LASF154:
 1532 0580 5F5F656E 		.ascii	"__enable_irq\000"
 1532      61626C65 
 1532      5F697271 
 1532      00
 1533              	.LASF107:
 1534 058d 666C6F61 		.ascii	"float\000"
 1534      7400
 1535              	.LASF71:
 1536 0593 64775374 		.ascii	"dwStatusChIdxMsk\000"
 1536      61747573 
 1536      43684964 
 1536      784D736B 
 1536      00
 1537              	.LASF153:
 1538 05a4 443A5C44 		.ascii	"D:\\DOWNLOADS\\PSoC6-101-Video-Projects-master\\PSo"
 1538      4F574E4C 
 1538      4F414453 
 1538      5C50536F 
 1538      43362D31 
 1539 05d4 43362D31 		.ascii	"C6-101-Video-Projects-master\\PSoC 6_101\\proj.cyds"
 1539      30312D56 
 1539      6964656F 
 1539      2D50726F 
 1539      6A656374 
 1540 0605 6E5C5053 		.ascii	"n\\PSoC_6_MCU_Hello_World_Example01.cydsn\000"
 1540      6F435F36 
 1540      5F4D4355 
 1540      5F48656C 
 1540      6C6F5F57 
 1541              	.LASF148:
 1542 062e 63795F64 		.ascii	"cy_device\000"
 1542      65766963 
 1542      6500
 1543              	.LASF99:
 1544 0638 63707573 		.ascii	"cpussRomCtl\000"
 1544      73526F6D 
 1544      43746C00 
 1545              	.LASF69:
 1546 0644 64774368 		.ascii	"dwChCtlPreemptablePos\000"
 1546      43746C50 
 1546      7265656D 
 1546      70746162 
ARM GAS  C:\Users\louis\AppData\Local\Temp\cci2hSYG.s 			page 37


 1546      6C65506F 
 1547              	.LASF122:
 1548 065a 74784C65 		.ascii	"txLeftToTransmit\000"
 1548      6674546F 
 1548      5472616E 
 1548      736D6974 
 1548      00
 1549              	.LASF22:
 1550 066b 75646242 		.ascii	"udbBase\000"
 1550      61736500 
 1551              	.LASF109:
 1552 0673 5F426F6F 		.ascii	"_Bool\000"
 1552      6C00
 1553              	.LASF1:
 1554 0679 756E7369 		.ascii	"unsigned char\000"
 1554      676E6564 
 1554      20636861 
 1554      7200
 1555              	.LASF65:
 1556 0687 666C6173 		.ascii	"flashCtlMainWs4Freq\000"
 1556      6843746C 
 1556      4D61696E 
 1556      57733446 
 1556      72657100 
 1557              	.LASF0:
 1558 069b 73686F72 		.ascii	"short int\000"
 1558      7420696E 
 1558      7400
 1559              	.LASF76:
 1560 06a5 70657269 		.ascii	"periDivCmdDivSelMsk\000"
 1560      44697643 
 1560      6D644469 
 1560      7653656C 
 1560      4D736B00 
 1561              	.LASF63:
 1562 06b9 666C6173 		.ascii	"flashCtlMainWs2Freq\000"
 1562      6843746C 
 1562      4D61696E 
 1562      57733246 
 1562      72657100 
 1563              	.LASF132:
 1564 06cd 636F6D70 		.ascii	"compareOrCapture\000"
 1564      6172654F 
 1564      72436170 
 1564      74757265 
 1564      00
 1565              	.LASF47:
 1566 06de 73727373 		.ascii	"srssNumHfroot\000"
 1566      4E756D48 
 1566      66726F6F 
 1566      7400
 1567              	.LASF60:
 1568 06ec 666C6173 		.ascii	"flashEraseDelay\000"
 1568      68457261 
 1568      73654465 
 1568      6C617900 
 1569              	.LASF16:
ARM GAS  C:\Users\louis\AppData\Local\Temp\cci2hSYG.s 			page 38


 1570 06fc 75696E74 		.ascii	"uint32_t\000"
 1570      33325F74 
 1570      00
 1571              	.LASF98:
 1572 0705 63707573 		.ascii	"cpussCm4NmiCtlOffset\000"
 1572      73436D34 
 1572      4E6D6943 
 1572      746C4F66 
 1572      66736574 
 1573              	.LASF151:
 1574 071a 474E5520 		.ascii	"GNU C11 5.4.1 20160609 (release) [ARM/embedded-5-br"
 1574      43313120 
 1574      352E342E 
 1574      31203230 
 1574      31363036 
 1575 074d 616E6368 		.ascii	"anch revision 237715] -mcpu=cortex-m0plus -mthumb -"
 1575      20726576 
 1575      6973696F 
 1575      6E203233 
 1575      37373135 
 1576 0780 67202D4F 		.ascii	"g -Og -ffunction-sections -ffat-lto-objects\000"
 1576      67202D66 
 1576      66756E63 
 1576      74696F6E 
 1576      2D736563 
 1577              	.LASF133:
 1578 07ac 636F6D70 		.ascii	"compare0\000"
 1578      61726530 
 1578      00
 1579              	.LASF18:
 1580 07b5 6C6F6E67 		.ascii	"long double\000"
 1580      20646F75 
 1580      626C6500 
 1581              	.LASF106:
 1582 07c1 63686172 		.ascii	"char\000"
 1582      00
 1583              	.LASF146:
 1584 07c6 636F756E 		.ascii	"countInput\000"
 1584      74496E70 
 1584      757400
 1585              	.LASF37:
 1586 07d1 70726F74 		.ascii	"protVersion\000"
 1586      56657273 
 1586      696F6E00 
 1587              	.LASF100:
 1588 07dd 63707573 		.ascii	"cpussRam0Ctl0\000"
 1588      7352616D 
 1588      3043746C 
 1588      3000
 1589              	.LASF5:
 1590 07eb 5F5F7569 		.ascii	"__uint16_t\000"
 1590      6E743136 
 1590      5F7400
 1591              	.LASF81:
 1592 07f6 70657269 		.ascii	"periDiv16CtlOffset\000"
 1592      44697631 
 1592      3643746C 
ARM GAS  C:\Users\louis\AppData\Local\Temp\cci2hSYG.s 			page 39


 1592      4F666673 
 1592      657400
 1593              	.LASF34:
 1594 0809 6873696F 		.ascii	"hsiomVersion\000"
 1594      6D566572 
 1594      73696F6E 
 1594      00
 1595              	.LASF59:
 1596 0816 666C6173 		.ascii	"flashProgramDelay\000"
 1596      6850726F 
 1596      6772616D 
 1596      44656C61 
 1596      7900
 1597              	.LASF114:
 1598 0828 72785269 		.ascii	"rxRingBufSize\000"
 1598      6E674275 
 1598      6653697A 
 1598      6500
 1599              	.LASF140:
 1600 0836 72656C6F 		.ascii	"reloadInput\000"
 1600      6164496E 
 1600      70757400 
 1601              	.LASF6:
 1602 0842 73686F72 		.ascii	"short unsigned int\000"
 1602      7420756E 
 1602      7369676E 
 1602      65642069 
 1602      6E7400
 1603              	.LASF67:
 1604 0855 64774368 		.ascii	"dwChSize\000"
 1604      53697A65 
 1604      00
 1605              	.LASF144:
 1606 085e 73746F70 		.ascii	"stopInput\000"
 1606      496E7075 
 1606      7400
 1607              	.LASF103:
 1608 0868 69706353 		.ascii	"ipcStructSize\000"
 1608      74727563 
 1608      7453697A 
 1608      6500
 1609              	.LASF141:
 1610 0876 73746172 		.ascii	"startInputMode\000"
 1610      74496E70 
 1610      75744D6F 
 1610      646500
 1611              	.LASF42:
 1612 0885 63707573 		.ascii	"cpussIpc0Irq\000"
 1612      73497063 
 1612      30497271 
 1612      00
 1613              	.LASF134:
 1614 0892 636F6D70 		.ascii	"compare1\000"
 1614      61726531 
 1614      00
 1615              	.LASF89:
 1616 089b 63707573 		.ascii	"cpussCm0ClockCtlOffset\000"
ARM GAS  C:\Users\louis\AppData\Local\Temp\cci2hSYG.s 			page 40


 1616      73436D30 
 1616      436C6F63 
 1616      6B43746C 
 1616      4F666673 
 1617              	.LASF85:
 1618 08b2 6770696F 		.ascii	"gpioPrtCfgOffset\000"
 1618      50727443 
 1618      66674F66 
 1618      66736574 
 1618      00
 1619              	.LASF124:
 1620 08c3 696E6974 		.ascii	"initKey\000"
 1620      4B657900 
 1621              	.LASF117:
 1622 08cb 72784275 		.ascii	"rxBuf\000"
 1622      6600
 1623              	.LASF2:
 1624 08d1 7369676E 		.ascii	"signed char\000"
 1624      65642063 
 1624      68617200 
 1625              	.LASF125:
 1626 08dd 63795F73 		.ascii	"cy_stc_scb_uart_context_t\000"
 1626      74635F73 
 1626      63625F75 
 1626      6172745F 
 1626      636F6E74 
 1627              	.LASF44:
 1628 08f7 63707573 		.ascii	"cpussNotConnectedIrq\000"
 1628      734E6F74 
 1628      436F6E6E 
 1628      65637465 
 1628      64497271 
 1629              	.LASF58:
 1630 090c 666C6173 		.ascii	"flashWriteDelay\000"
 1630      68577269 
 1630      74654465 
 1630      6C617900 
 1631              	.LASF13:
 1632 091c 75696E74 		.ascii	"uint8_t\000"
 1632      385F7400 
 1633              	.LASF91:
 1634 0924 63707573 		.ascii	"cpussCm4StatusOffset\000"
 1634      73436D34 
 1634      53746174 
 1634      75734F66 
 1634      66736574 
 1635              	.LASF84:
 1636 0939 6770696F 		.ascii	"gpioPrtIntrCfgOffset\000"
 1636      50727449 
 1636      6E747243 
 1636      66674F66 
 1636      66736574 
 1637              	.LASF139:
 1638 094e 72656C6F 		.ascii	"reloadInputMode\000"
 1638      6164496E 
 1638      7075744D 
 1638      6F646500 
ARM GAS  C:\Users\louis\AppData\Local\Temp\cci2hSYG.s 			page 41


 1639              	.LASF116:
 1640 095e 72785269 		.ascii	"rxRingBufTail\000"
 1640      6E674275 
 1640      66546169 
 1640      6C00
 1641              	.LASF95:
 1642 096c 63707573 		.ascii	"cpussTrimRomCtlOffset\000"
 1642      73547269 
 1642      6D526F6D 
 1642      43746C4F 
 1642      66667365 
 1643              	.LASF145:
 1644 0982 636F756E 		.ascii	"countInputMode\000"
 1644      74496E70 
 1644      75744D6F 
 1644      646500
 1645              	.LASF31:
 1646 0991 64775665 		.ascii	"dwVersion\000"
 1646      7273696F 
 1646      6E00
 1647              	.LASF27:
 1648 099b 69706342 		.ascii	"ipcBase\000"
 1648      61736500 
 1649              	.LASF78:
 1650 09a3 70657269 		.ascii	"periDivCmdPaDivSelPos\000"
 1650      44697643 
 1650      6D645061 
 1650      44697653 
 1650      656C506F 
 1651              	.LASF126:
 1652 09b9 63795F73 		.ascii	"cy_stc_scb_uart_context\000"
 1652      74635F73 
 1652      63625F75 
 1652      6172745F 
 1652      636F6E74 
 1653              	.LASF56:
 1654 09d1 666C6173 		.ascii	"flashRwwRequired\000"
 1654      68527777 
 1654      52657175 
 1654      69726564 
 1654      00
 1655              		.ident	"GCC: (GNU Tools for ARM Embedded Processors) 5.4.1 20160609 (release) [ARM/embedded-5-bran
